{"D:\\Cubebis Work\\cubis-foundry\\mcp\\src\\server.ts": {"path":"D:\\Cubebis Work\\cubis-foundry\\mcp\\src\\server.ts","all":true,"statementMap":{"0":{"start":{"line":1,"column":0},"end":{"line":1,"column":3}},"1":{"start":{"line":2,"column":0},"end":{"line":2,"column":45}},"2":{"start":{"line":3,"column":0},"end":{"line":3,"column":2}},"3":{"start":{"line":4,"column":0},"end":{"line":4,"column":68}},"4":{"start":{"line":5,"column":0},"end":{"line":5,"column":81}},"5":{"start":{"line":6,"column":0},"end":{"line":6,"column":3}},"6":{"start":{"line":7,"column":0},"end":{"line":7,"column":0}},"7":{"start":{"line":8,"column":0},"end":{"line":8,"column":68}},"8":{"start":{"line":9,"column":0},"end":{"line":9,"column":24}},"9":{"start":{"line":10,"column":0},"end":{"line":10,"column":55}},"10":{"start":{"line":11,"column":0},"end":{"line":11,"column":56}},"11":{"start":{"line":12,"column":0},"end":{"line":12,"column":54}},"12":{"start":{"line":13,"column":0},"end":{"line":13,"column":55}},"13":{"start":{"line":14,"column":0},"end":{"line":14,"column":77}},"14":{"start":{"line":15,"column":0},"end":{"line":15,"column":8}},"15":{"start":{"line":16,"column":0},"end":{"line":16,"column":19}},"16":{"start":{"line":17,"column":0},"end":{"line":17,"column":27}},"17":{"start":{"line":18,"column":0},"end":{"line":18,"column":35}},"18":{"start":{"line":19,"column":0},"end":{"line":19,"column":43}},"19":{"start":{"line":20,"column":0},"end":{"line":20,"column":0}},"20":{"start":{"line":21,"column":0},"end":{"line":21,"column":38}},"21":{"start":{"line":22,"column":0},"end":{"line":22,"column":23}},"22":{"start":{"line":23,"column":0},"end":{"line":23,"column":26}},"23":{"start":{"line":24,"column":0},"end":{"line":24,"column":31}},"24":{"start":{"line":25,"column":0},"end":{"line":25,"column":44}},"25":{"start":{"line":26,"column":0},"end":{"line":26,"column":1}},"26":{"start":{"line":27,"column":0},"end":{"line":27,"column":0}},"27":{"start":{"line":28,"column":0},"end":{"line":28,"column":30}},"28":{"start":{"line":29,"column":0},"end":{"line":29,"column":10}},"29":{"start":{"line":30,"column":0},"end":{"line":30,"column":17}},"30":{"start":{"line":31,"column":0},"end":{"line":31,"column":8}},"31":{"start":{"line":32,"column":0},"end":{"line":32,"column":4}},"32":{"start":{"line":33,"column":0},"end":{"line":33,"column":32}},"33":{"start":{"line":34,"column":0},"end":{"line":34,"column":25}},"34":{"start":{"line":35,"column":0},"end":{"line":35,"column":17}},"35":{"start":{"line":36,"column":0},"end":{"line":36,"column":4}},"36":{"start":{"line":37,"column":0},"end":{"line":37,"column":10}},"37":{"start":{"line":38,"column":0},"end":{"line":38,"column":27}},"38":{"start":{"line":39,"column":0},"end":{"line":39,"column":14}},"39":{"start":{"line":40,"column":0},"end":{"line":40,"column":7}},"40":{"start":{"line":41,"column":0},"end":{"line":41,"column":30}},"41":{"start":{"line":42,"column":0},"end":{"line":42,"column":29}},"42":{"start":{"line":43,"column":0},"end":{"line":43,"column":11}},"43":{"start":{"line":44,"column":0},"end":{"line":44,"column":20}},"44":{"start":{"line":45,"column":0},"end":{"line":45,"column":33}},"45":{"start":{"line":46,"column":0},"end":{"line":46,"column":33}},"46":{"start":{"line":47,"column":0},"end":{"line":47,"column":12}},"47":{"start":{"line":48,"column":0},"end":{"line":48,"column":15}},"48":{"start":{"line":49,"column":0},"end":{"line":49,"column":12}},"49":{"start":{"line":50,"column":0},"end":{"line":50,"column":10}},"50":{"start":{"line":51,"column":0},"end":{"line":51,"column":8}},"51":{"start":{"line":52,"column":0},"end":{"line":52,"column":6}},"52":{"start":{"line":53,"column":0},"end":{"line":53,"column":4}},"53":{"start":{"line":54,"column":0},"end":{"line":54,"column":1}},"54":{"start":{"line":55,"column":0},"end":{"line":55,"column":0}},"55":{"start":{"line":56,"column":0},"end":{"line":56,"column":36}},"56":{"start":{"line":57,"column":0},"end":{"line":57,"column":9}},"57":{"start":{"line":58,"column":0},"end":{"line":58,"column":11}},"58":{"start":{"line":59,"column":0},"end":{"line":59,"column":16}},"59":{"start":{"line":60,"column":0},"end":{"line":60,"column":30}},"60":{"start":{"line":61,"column":0},"end":{"line":61,"column":45}},"61":{"start":{"line":62,"column":0},"end":{"line":62,"column":32}},"62":{"start":{"line":63,"column":0},"end":{"line":63,"column":29}},"63":{"start":{"line":64,"column":0},"end":{"line":64,"column":35}},"64":{"start":{"line":65,"column":0},"end":{"line":65,"column":5}},"65":{"start":{"line":66,"column":0},"end":{"line":66,"column":0}},"66":{"start":{"line":67,"column":0},"end":{"line":67,"column":63}},"67":{"start":{"line":68,"column":0},"end":{"line":68,"column":0}},"68":{"start":{"line":69,"column":0},"end":{"line":69,"column":42}},"69":{"start":{"line":70,"column":0},"end":{"line":70,"column":13}},"70":{"start":{"line":71,"column":0},"end":{"line":71,"column":18}},"71":{"start":{"line":72,"column":0},"end":{"line":72,"column":56}},"72":{"start":{"line":73,"column":0},"end":{"line":73,"column":52}},"73":{"start":{"line":74,"column":0},"end":{"line":74,"column":23}},"74":{"start":{"line":75,"column":0},"end":{"line":75,"column":4}},"75":{"start":{"line":76,"column":0},"end":{"line":76,"column":0}},"76":{"start":{"line":77,"column":0},"end":{"line":77,"column":38}},"77":{"start":{"line":78,"column":0},"end":{"line":78,"column":52}},"78":{"start":{"line":79,"column":0},"end":{"line":79,"column":66}},"79":{"start":{"line":80,"column":0},"end":{"line":80,"column":67}},"80":{"start":{"line":81,"column":0},"end":{"line":81,"column":66}},"81":{"start":{"line":82,"column":0},"end":{"line":82,"column":68}},"82":{"start":{"line":83,"column":0},"end":{"line":83,"column":24}},"83":{"start":{"line":84,"column":0},"end":{"line":84,"column":17}},"84":{"start":{"line":85,"column":0},"end":{"line":85,"column":7}},"85":{"start":{"line":86,"column":0},"end":{"line":86,"column":39}},"86":{"start":{"line":87,"column":0},"end":{"line":87,"column":34}},"87":{"start":{"line":88,"column":0},"end":{"line":88,"column":24}},"88":{"start":{"line":89,"column":0},"end":{"line":89,"column":8}},"89":{"start":{"line":90,"column":0},"end":{"line":90,"column":14}},"90":{"start":{"line":91,"column":0},"end":{"line":91,"column":6}},"91":{"start":{"line":92,"column":0},"end":{"line":92,"column":3}},"92":{"start":{"line":93,"column":0},"end":{"line":93,"column":0}},"93":{"start":{"line":94,"column":0},"end":{"line":94,"column":15}},"94":{"start":{"line":95,"column":0},"end":{"line":95,"column":70}},"95":{"start":{"line":96,"column":0},"end":{"line":96,"column":4}},"96":{"start":{"line":97,"column":0},"end":{"line":97,"column":0}},"97":{"start":{"line":98,"column":0},"end":{"line":98,"column":64}},"98":{"start":{"line":99,"column":0},"end":{"line":99,"column":78}},"99":{"start":{"line":100,"column":0},"end":{"line":100,"column":51}},"100":{"start":{"line":101,"column":0},"end":{"line":101,"column":55}},"101":{"start":{"line":102,"column":0},"end":{"line":102,"column":0}},"102":{"start":{"line":103,"column":0},"end":{"line":103,"column":78}},"103":{"start":{"line":104,"column":0},"end":{"line":104,"column":39}},"104":{"start":{"line":105,"column":0},"end":{"line":105,"column":82}},"105":{"start":{"line":106,"column":0},"end":{"line":106,"column":70}},"106":{"start":{"line":107,"column":0},"end":{"line":107,"column":63}},"107":{"start":{"line":108,"column":0},"end":{"line":108,"column":63}},"108":{"start":{"line":109,"column":0},"end":{"line":109,"column":22}},"109":{"start":{"line":110,"column":0},"end":{"line":110,"column":123}},"110":{"start":{"line":111,"column":0},"end":{"line":111,"column":12}},"111":{"start":{"line":112,"column":0},"end":{"line":112,"column":19}},"112":{"start":{"line":113,"column":0},"end":{"line":113,"column":9}},"113":{"start":{"line":114,"column":0},"end":{"line":114,"column":57}},"114":{"start":{"line":115,"column":0},"end":{"line":115,"column":28}},"115":{"start":{"line":116,"column":0},"end":{"line":116,"column":27}},"116":{"start":{"line":117,"column":0},"end":{"line":117,"column":11}},"117":{"start":{"line":118,"column":0},"end":{"line":118,"column":93}},"118":{"start":{"line":119,"column":0},"end":{"line":119,"column":39}},"119":{"start":{"line":120,"column":0},"end":{"line":120,"column":28}},"120":{"start":{"line":121,"column":0},"end":{"line":121,"column":12}},"121":{"start":{"line":122,"column":0},"end":{"line":122,"column":52}},"122":{"start":{"line":123,"column":0},"end":{"line":123,"column":17}},"123":{"start":{"line":124,"column":0},"end":{"line":124,"column":53}},"124":{"start":{"line":125,"column":0},"end":{"line":125,"column":41}},"125":{"start":{"line":126,"column":0},"end":{"line":126,"column":32}},"126":{"start":{"line":127,"column":0},"end":{"line":127,"column":31}},"127":{"start":{"line":128,"column":0},"end":{"line":128,"column":50}},"128":{"start":{"line":129,"column":0},"end":{"line":129,"column":26}},"129":{"start":{"line":130,"column":0},"end":{"line":130,"column":54}},"130":{"start":{"line":131,"column":0},"end":{"line":131,"column":42}},"131":{"start":{"line":132,"column":0},"end":{"line":132,"column":17}},"132":{"start":{"line":133,"column":0},"end":{"line":133,"column":22}},"133":{"start":{"line":134,"column":0},"end":{"line":134,"column":82}},"134":{"start":{"line":135,"column":0},"end":{"line":135,"column":58}},"135":{"start":{"line":136,"column":0},"end":{"line":136,"column":31}},"136":{"start":{"line":137,"column":0},"end":{"line":137,"column":39}},"137":{"start":{"line":138,"column":0},"end":{"line":138,"column":19}},"138":{"start":{"line":139,"column":0},"end":{"line":139,"column":62}},"139":{"start":{"line":140,"column":0},"end":{"line":140,"column":43}},"140":{"start":{"line":141,"column":0},"end":{"line":141,"column":30}},"141":{"start":{"line":142,"column":0},"end":{"line":142,"column":49}},"142":{"start":{"line":143,"column":0},"end":{"line":143,"column":16}},"143":{"start":{"line":144,"column":0},"end":{"line":144,"column":29}},"144":{"start":{"line":145,"column":0},"end":{"line":145,"column":42}},"145":{"start":{"line":146,"column":0},"end":{"line":146,"column":41}},"146":{"start":{"line":147,"column":0},"end":{"line":147,"column":49}},"147":{"start":{"line":148,"column":0},"end":{"line":148,"column":22}},"148":{"start":{"line":149,"column":0},"end":{"line":149,"column":17}},"149":{"start":{"line":150,"column":0},"end":{"line":150,"column":13}},"150":{"start":{"line":151,"column":0},"end":{"line":151,"column":12}},"151":{"start":{"line":152,"column":0},"end":{"line":152,"column":10}},"152":{"start":{"line":153,"column":0},"end":{"line":153,"column":7}},"153":{"start":{"line":154,"column":0},"end":{"line":154,"column":5}},"154":{"start":{"line":155,"column":0},"end":{"line":155,"column":3}},"155":{"start":{"line":156,"column":0},"end":{"line":156,"column":0}},"156":{"start":{"line":157,"column":0},"end":{"line":157,"column":16}},"157":{"start":{"line":158,"column":0},"end":{"line":158,"column":1}}},"s":{"0":0,"1":0,"2":0,"3":0,"4":0,"5":0,"6":0,"7":0,"8":0,"9":0,"10":0,"11":0,"12":0,"13":0,"14":0,"15":0,"16":0,"17":0,"18":0,"19":0,"20":0,"21":0,"22":0,"23":0,"24":0,"25":0,"26":0,"27":0,"28":0,"29":0,"30":0,"31":0,"32":0,"33":0,"34":0,"35":0,"36":0,"37":0,"38":0,"39":0,"40":0,"41":0,"42":0,"43":0,"44":0,"45":0,"46":0,"47":0,"48":0,"49":0,"50":0,"51":0,"52":0,"53":0,"54":0,"55":0,"56":0,"57":0,"58":0,"59":0,"60":0,"61":0,"62":0,"63":0,"64":0,"65":0,"66":0,"67":0,"68":0,"69":0,"70":0,"71":0,"72":0,"73":0,"74":0,"75":0,"76":0,"77":0,"78":0,"79":0,"80":0,"81":0,"82":0,"83":0,"84":0,"85":0,"86":0,"87":0,"88":0,"89":0,"90":0,"91":0,"92":0,"93":0,"94":0,"95":0,"96":0,"97":0,"98":0,"99":0,"100":0,"101":0,"102":0,"103":0,"104":0,"105":0,"106":0,"107":0,"108":0,"109":0,"110":0,"111":0,"112":0,"113":0,"114":0,"115":0,"116":0,"117":0,"118":0,"119":0,"120":0,"121":0,"122":0,"123":0,"124":0,"125":0,"126":0,"127":0,"128":0,"129":0,"130":0,"131":0,"132":0,"133":0,"134":0,"135":0,"136":0,"137":0,"138":0,"139":0,"140":0,"141":0,"142":0,"143":0,"144":0,"145":0,"146":0,"147":0,"148":0,"149":0,"150":0,"151":0,"152":0,"153":0,"154":0,"155":0,"156":0,"157":0},"branchMap":{"0":{"type":"branch","line":1,"loc":{"start":{"line":1,"column":0},"end":{"line":158,"column":1}},"locations":[{"start":{"line":1,"column":0},"end":{"line":158,"column":1}}]}},"b":{"0":[0]},"fnMap":{"0":{"name":"(empty-report)","decl":{"start":{"line":1,"column":0},"end":{"line":158,"column":1}},"loc":{"start":{"line":1,"column":0},"end":{"line":158,"column":1}},"line":1}},"f":{"0":0}}
,"D:\\Cubebis Work\\cubis-foundry\\mcp\\src\\cbxConfig\\index.ts": {"path":"D:\\Cubebis Work\\cubis-foundry\\mcp\\src\\cbxConfig\\index.ts","all":false,"statementMap":{"0":{"start":{"line":1,"column":0},"end":{"line":1,"column":3}}},"s":{"0":1},"branchMap":{},"b":{},"fnMap":{},"f":{}}
,"D:\\Cubebis Work\\cubis-foundry\\mcp\\src\\cbxConfig\\paths.ts": {"path":"D:\\Cubebis Work\\cubis-foundry\\mcp\\src\\cbxConfig\\paths.ts","all":false,"statementMap":{"0":{"start":{"line":1,"column":0},"end":{"line":1,"column":3}},"13":{"start":{"line":14,"column":0},"end":{"line":14,"column":35}},"14":{"start":{"line":15,"column":0},"end":{"line":15,"column":69}},"15":{"start":{"line":16,"column":0},"end":{"line":16,"column":1}},"17":{"start":{"line":18,"column":0},"end":{"line":18,"column":44}},"18":{"start":{"line":19,"column":0},"end":{"line":19,"column":64}},"19":{"start":{"line":20,"column":0},"end":{"line":20,"column":1}},"21":{"start":{"line":22,"column":0},"end":{"line":22,"column":67}},"22":{"start":{"line":23,"column":0},"end":{"line":23,"column":46}},"23":{"start":{"line":24,"column":0},"end":{"line":24,"column":44}},"24":{"start":{"line":25,"column":0},"end":{"line":25,"column":1}},"31":{"start":{"line":32,"column":0},"end":{"line":32,"column":34}},"32":{"start":{"line":33,"column":0},"end":{"line":33,"column":31}},"33":{"start":{"line":34,"column":0},"end":{"line":34,"column":25}},"34":{"start":{"line":35,"column":0},"end":{"line":35,"column":41}},"35":{"start":{"line":36,"column":0},"end":{"line":36,"column":27}},"36":{"start":{"line":37,"column":0},"end":{"line":37,"column":57}},"37":{"start":{"line":38,"column":0},"end":{"line":38,"column":3}},"38":{"start":{"line":39,"column":0},"end":{"line":39,"column":28}},"39":{"start":{"line":40,"column":0},"end":{"line":40,"column":72}},"40":{"start":{"line":41,"column":0},"end":{"line":41,"column":3}},"43":{"start":{"line":44,"column":0},"end":{"line":44,"column":55}},"44":{"start":{"line":45,"column":0},"end":{"line":45,"column":32}},"45":{"start":{"line":46,"column":0},"end":{"line":46,"column":51}},"46":{"start":{"line":47,"column":0},"end":{"line":47,"column":3}},"47":{"start":{"line":48,"column":0},"end":{"line":48,"column":55}},"48":{"start":{"line":49,"column":0},"end":{"line":49,"column":1}}},"s":{"0":1,"13":2,"14":2,"15":2,"17":1,"18":2,"19":2,"21":1,"22":17,"23":17,"24":17,"31":1,"32":8,"33":8,"34":8,"35":8,"36":0,"37":0,"38":8,"39":5,"40":5,"43":3,"44":8,"45":2,"46":2,"47":1,"48":1},"branchMap":{"0":{"type":"branch","line":14,"loc":{"start":{"line":14,"column":0},"end":{"line":16,"column":1}},"locations":[{"start":{"line":14,"column":0},"end":{"line":16,"column":1}}]},"1":{"type":"branch","line":15,"loc":{"start":{"line":15,"column":21},"end":{"line":15,"column":56}},"locations":[{"start":{"line":15,"column":21},"end":{"line":15,"column":56}}]},"2":{"type":"branch","line":15,"loc":{"start":{"line":15,"column":41},"end":{"line":15,"column":69}},"locations":[{"start":{"line":15,"column":41},"end":{"line":15,"column":69}}]},"3":{"type":"branch","line":18,"loc":{"start":{"line":18,"column":7},"end":{"line":20,"column":1}},"locations":[{"start":{"line":18,"column":7},"end":{"line":20,"column":1}}]},"4":{"type":"branch","line":22,"loc":{"start":{"line":22,"column":7},"end":{"line":25,"column":1}},"locations":[{"start":{"line":22,"column":7},"end":{"line":25,"column":1}}]},"5":{"type":"branch","line":23,"loc":{"start":{"line":23,"column":15},"end":{"line":23,"column":46}},"locations":[{"start":{"line":23,"column":15},"end":{"line":23,"column":46}}]},"6":{"type":"branch","line":32,"loc":{"start":{"line":32,"column":7},"end":{"line":49,"column":1}},"locations":[{"start":{"line":32,"column":7},"end":{"line":49,"column":1}}]},"7":{"type":"branch","line":36,"loc":{"start":{"line":36,"column":26},"end":{"line":38,"column":3}},"locations":[{"start":{"line":36,"column":26},"end":{"line":38,"column":3}}]},"8":{"type":"branch","line":39,"loc":{"start":{"line":39,"column":27},"end":{"line":45,"column":31}},"locations":[{"start":{"line":39,"column":27},"end":{"line":45,"column":31}}]},"9":{"type":"branch","line":41,"loc":{"start":{"line":41,"column":2},"end":{"line":45,"column":31}},"locations":[{"start":{"line":41,"column":2},"end":{"line":45,"column":31}}]},"10":{"type":"branch","line":45,"loc":{"start":{"line":45,"column":31},"end":{"line":49,"column":1}},"locations":[{"start":{"line":45,"column":31},"end":{"line":49,"column":1}}]},"11":{"type":"branch","line":45,"loc":{"start":{"line":45,"column":31},"end":{"line":47,"column":3}},"locations":[{"start":{"line":45,"column":31},"end":{"line":47,"column":3}}]},"12":{"type":"branch","line":47,"loc":{"start":{"line":47,"column":2},"end":{"line":49,"column":1}},"locations":[{"start":{"line":47,"column":2},"end":{"line":49,"column":1}}]}},"b":{"0":[2],"1":[0],"2":[0],"3":[2],"4":[17],"5":[10],"6":[8],"7":[0],"8":[5],"9":[3],"10":[6],"11":[2],"12":[1]},"fnMap":{"0":{"name":"resolveHomeDir","decl":{"start":{"line":14,"column":0},"end":{"line":16,"column":1}},"loc":{"start":{"line":14,"column":0},"end":{"line":16,"column":1}},"line":14},"1":{"name":"globalConfigPath","decl":{"start":{"line":18,"column":7},"end":{"line":20,"column":1}},"loc":{"start":{"line":18,"column":7},"end":{"line":20,"column":1}},"line":18},"2":{"name":"projectConfigPath","decl":{"start":{"line":22,"column":7},"end":{"line":25,"column":1}},"loc":{"start":{"line":22,"column":7},"end":{"line":25,"column":1}},"line":22},"3":{"name":"resolveConfigPath","decl":{"start":{"line":32,"column":7},"end":{"line":49,"column":1}},"loc":{"start":{"line":32,"column":7},"end":{"line":49,"column":1}},"line":32}},"f":{"0":2,"1":2,"2":17,"3":8}}
,"D:\\Cubebis Work\\cubis-foundry\\mcp\\src\\cbxConfig\\reader.ts": {"path":"D:\\Cubebis Work\\cubis-foundry\\mcp\\src\\cbxConfig\\reader.ts","all":false,"statementMap":{"0":{"start":{"line":1,"column":0},"end":{"line":1,"column":3}},"18":{"start":{"line":19,"column":0},"end":{"line":19,"column":61}},"19":{"start":{"line":20,"column":0},"end":{"line":20,"column":41}},"20":{"start":{"line":21,"column":0},"end":{"line":21,"column":7}},"21":{"start":{"line":22,"column":0},"end":{"line":22,"column":47}},"22":{"start":{"line":23,"column":0},"end":{"line":23,"column":40}},"23":{"start":{"line":24,"column":0},"end":{"line":24,"column":17}},"24":{"start":{"line":25,"column":0},"end":{"line":25,"column":65}},"25":{"start":{"line":26,"column":0},"end":{"line":26,"column":16}},"26":{"start":{"line":27,"column":0},"end":{"line":27,"column":3}},"27":{"start":{"line":28,"column":0},"end":{"line":28,"column":1}},"32":{"start":{"line":33,"column":0},"end":{"line":33,"column":72}},"33":{"start":{"line":34,"column":0},"end":{"line":34,"column":40}},"34":{"start":{"line":35,"column":0},"end":{"line":35,"column":56}},"35":{"start":{"line":36,"column":0},"end":{"line":36,"column":8}},"36":{"start":{"line":37,"column":0},"end":{"line":37,"column":28}},"37":{"start":{"line":38,"column":0},"end":{"line":38,"column":23}},"38":{"start":{"line":39,"column":0},"end":{"line":39,"column":34}},"39":{"start":{"line":40,"column":0},"end":{"line":40,"column":27}},"40":{"start":{"line":41,"column":0},"end":{"line":41,"column":7}},"41":{"start":{"line":42,"column":0},"end":{"line":42,"column":33}},"42":{"start":{"line":43,"column":0},"end":{"line":43,"column":41}},"43":{"start":{"line":44,"column":0},"end":{"line":44,"column":27}},"44":{"start":{"line":45,"column":0},"end":{"line":45,"column":8}},"45":{"start":{"line":46,"column":0},"end":{"line":46,"column":12}},"46":{"start":{"line":47,"column":0},"end":{"line":47,"column":26}},"47":{"start":{"line":48,"column":0},"end":{"line":48,"column":5}},"48":{"start":{"line":49,"column":0},"end":{"line":49,"column":3}},"49":{"start":{"line":50,"column":0},"end":{"line":50,"column":16}},"50":{"start":{"line":51,"column":0},"end":{"line":51,"column":1}},"55":{"start":{"line":56,"column":0},"end":{"line":56,"column":33}},"56":{"start":{"line":57,"column":0},"end":{"line":57,"column":21}},"57":{"start":{"line":58,"column":0},"end":{"line":58,"column":25}},"58":{"start":{"line":59,"column":0},"end":{"line":59,"column":27}},"59":{"start":{"line":60,"column":0},"end":{"line":60,"column":20}},"60":{"start":{"line":61,"column":0},"end":{"line":61,"column":79}},"62":{"start":{"line":63,"column":0},"end":{"line":63,"column":44}},"63":{"start":{"line":64,"column":0},"end":{"line":64,"column":27}},"65":{"start":{"line":66,"column":0},"end":{"line":66,"column":45}},"66":{"start":{"line":67,"column":0},"end":{"line":67,"column":1}},"73":{"start":{"line":74,"column":0},"end":{"line":74,"column":36}},"74":{"start":{"line":75,"column":0},"end":{"line":75,"column":31}},"75":{"start":{"line":76,"column":0},"end":{"line":76,"column":25}},"76":{"start":{"line":77,"column":0},"end":{"line":77,"column":27}},"78":{"start":{"line":79,"column":0},"end":{"line":79,"column":50}},"79":{"start":{"line":80,"column":0},"end":{"line":80,"column":50}},"80":{"start":{"line":81,"column":0},"end":{"line":81,"column":3}},"83":{"start":{"line":84,"column":0},"end":{"line":84,"column":56}},"84":{"start":{"line":85,"column":0},"end":{"line":85,"column":55}},"85":{"start":{"line":86,"column":0},"end":{"line":86,"column":50}},"87":{"start":{"line":88,"column":0},"end":{"line":88,"column":47}},"89":{"start":{"line":90,"column":0},"end":{"line":90,"column":32}},"90":{"start":{"line":91,"column":0},"end":{"line":91,"column":37}},"91":{"start":{"line":92,"column":0},"end":{"line":92,"column":46}},"94":{"start":{"line":95,"column":0},"end":{"line":95,"column":60}},"96":{"start":{"line":97,"column":0},"end":{"line":97,"column":10}},"97":{"start":{"line":98,"column":0},"end":{"line":98,"column":11}},"98":{"start":{"line":99,"column":0},"end":{"line":99,"column":26}},"99":{"start":{"line":100,"column":0},"end":{"line":100,"column":24}},"100":{"start":{"line":101,"column":0},"end":{"line":101,"column":4}},"101":{"start":{"line":102,"column":0},"end":{"line":102,"column":1}},"106":{"start":{"line":107,"column":0},"end":{"line":107,"column":60}},"107":{"start":{"line":108,"column":0},"end":{"line":108,"column":67}},"108":{"start":{"line":109,"column":0},"end":{"line":109,"column":65}},"109":{"start":{"line":110,"column":0},"end":{"line":110,"column":64}},"110":{"start":{"line":111,"column":0},"end":{"line":111,"column":45}},"111":{"start":{"line":112,"column":0},"end":{"line":112,"column":40}},"112":{"start":{"line":113,"column":0},"end":{"line":113,"column":5}},"113":{"start":{"line":114,"column":0},"end":{"line":114,"column":42}},"114":{"start":{"line":115,"column":0},"end":{"line":115,"column":50}},"115":{"start":{"line":116,"column":0},"end":{"line":116,"column":68}},"116":{"start":{"line":117,"column":0},"end":{"line":117,"column":62}},"117":{"start":{"line":118,"column":0},"end":{"line":118,"column":49}},"118":{"start":{"line":119,"column":0},"end":{"line":119,"column":44}},"119":{"start":{"line":120,"column":0},"end":{"line":120,"column":9}},"120":{"start":{"line":121,"column":0},"end":{"line":121,"column":7}},"121":{"start":{"line":122,"column":0},"end":{"line":122,"column":5}},"122":{"start":{"line":123,"column":0},"end":{"line":123,"column":3}},"124":{"start":{"line":125,"column":0},"end":{"line":125,"column":63}},"125":{"start":{"line":126,"column":0},"end":{"line":126,"column":62}},"126":{"start":{"line":127,"column":0},"end":{"line":127,"column":44}},"127":{"start":{"line":128,"column":0},"end":{"line":128,"column":39}},"128":{"start":{"line":129,"column":0},"end":{"line":129,"column":5}},"129":{"start":{"line":130,"column":0},"end":{"line":130,"column":41}},"130":{"start":{"line":131,"column":0},"end":{"line":131,"column":49}},"131":{"start":{"line":132,"column":0},"end":{"line":132,"column":68}},"132":{"start":{"line":133,"column":0},"end":{"line":133,"column":62}},"133":{"start":{"line":134,"column":0},"end":{"line":134,"column":49}},"134":{"start":{"line":135,"column":0},"end":{"line":135,"column":44}},"135":{"start":{"line":136,"column":0},"end":{"line":136,"column":9}},"136":{"start":{"line":137,"column":0},"end":{"line":137,"column":7}},"137":{"start":{"line":138,"column":0},"end":{"line":138,"column":72}},"138":{"start":{"line":139,"column":0},"end":{"line":139,"column":42}},"139":{"start":{"line":140,"column":0},"end":{"line":140,"column":67}},"140":{"start":{"line":141,"column":0},"end":{"line":141,"column":10}},"141":{"start":{"line":142,"column":0},"end":{"line":142,"column":49}},"142":{"start":{"line":143,"column":0},"end":{"line":143,"column":44}},"143":{"start":{"line":144,"column":0},"end":{"line":144,"column":9}},"144":{"start":{"line":145,"column":0},"end":{"line":145,"column":7}},"145":{"start":{"line":146,"column":0},"end":{"line":146,"column":5}},"146":{"start":{"line":147,"column":0},"end":{"line":147,"column":3}},"147":{"start":{"line":148,"column":0},"end":{"line":148,"column":18}},"148":{"start":{"line":149,"column":0},"end":{"line":149,"column":1}}},"s":{"0":1,"18":10,"19":10,"20":9,"21":9,"22":9,"23":10,"24":0,"25":0,"26":0,"27":10,"32":5,"33":5,"34":5,"35":7,"36":7,"37":7,"38":7,"39":4,"40":7,"41":4,"42":4,"43":4,"44":4,"45":7,"46":3,"47":3,"48":7,"49":5,"50":5,"55":1,"56":8,"57":8,"58":8,"59":8,"60":8,"62":8,"63":8,"65":7,"66":7,"73":1,"74":9,"75":9,"76":9,"78":9,"79":8,"80":8,"83":1,"84":1,"85":1,"87":9,"89":1,"90":9,"91":9,"94":9,"96":9,"97":9,"98":9,"99":9,"100":9,"101":9,"106":1,"107":1,"108":1,"109":0,"110":0,"111":0,"112":0,"113":0,"114":0,"115":0,"116":0,"117":0,"118":0,"119":0,"120":0,"121":0,"122":0,"124":1,"125":1,"126":1,"127":0,"128":0,"129":1,"130":0,"131":0,"132":0,"133":0,"134":0,"135":0,"136":0,"137":1,"138":1,"139":1,"140":1,"141":1,"142":1,"143":1,"144":1,"145":1,"146":1,"147":1,"148":1},"branchMap":{"0":{"type":"branch","line":19,"loc":{"start":{"line":19,"column":0},"end":{"line":28,"column":1}},"locations":[{"start":{"line":19,"column":0},"end":{"line":28,"column":1}}]},"1":{"type":"branch","line":20,"loc":{"start":{"line":20,"column":29},"end":{"line":20,"column":41}},"locations":[{"start":{"line":20,"column":29},"end":{"line":20,"column":41}}]},"2":{"type":"branch","line":20,"loc":{"start":{"line":20,"column":36},"end":{"line":24,"column":11}},"locations":[{"start":{"line":20,"column":36},"end":{"line":24,"column":11}}]},"3":{"type":"branch","line":24,"loc":{"start":{"line":24,"column":2},"end":{"line":27,"column":3}},"locations":[{"start":{"line":24,"column":2},"end":{"line":27,"column":3}}]},"4":{"type":"branch","line":33,"loc":{"start":{"line":33,"column":0},"end":{"line":51,"column":1}},"locations":[{"start":{"line":33,"column":0},"end":{"line":51,"column":1}}]},"5":{"type":"branch","line":35,"loc":{"start":{"line":35,"column":55},"end":{"line":49,"column":3}},"locations":[{"start":{"line":35,"column":55},"end":{"line":49,"column":3}}]},"6":{"type":"branch","line":39,"loc":{"start":{"line":39,"column":23},"end":{"line":40,"column":27}},"locations":[{"start":{"line":39,"column":23},"end":{"line":40,"column":27}}]},"7":{"type":"branch","line":41,"loc":{"start":{"line":41,"column":6},"end":{"line":46,"column":11}},"locations":[{"start":{"line":41,"column":6},"end":{"line":46,"column":11}}]},"8":{"type":"branch","line":43,"loc":{"start":{"line":43,"column":19},"end":{"line":43,"column":41}},"locations":[{"start":{"line":43,"column":19},"end":{"line":43,"column":41}}]},"9":{"type":"branch","line":46,"loc":{"start":{"line":46,"column":4},"end":{"line":48,"column":5}},"locations":[{"start":{"line":46,"column":4},"end":{"line":48,"column":5}}]},"10":{"type":"branch","line":56,"loc":{"start":{"line":56,"column":7},"end":{"line":67,"column":1}},"locations":[{"start":{"line":56,"column":7},"end":{"line":67,"column":1}}]},"11":{"type":"branch","line":61,"loc":{"start":{"line":61,"column":14},"end":{"line":61,"column":46}},"locations":[{"start":{"line":61,"column":14},"end":{"line":61,"column":46}}]},"12":{"type":"branch","line":64,"loc":{"start":{"line":64,"column":15},"end":{"line":64,"column":27}},"locations":[{"start":{"line":64,"column":15},"end":{"line":64,"column":27}}]},"13":{"type":"branch","line":64,"loc":{"start":{"line":64,"column":22},"end":{"line":67,"column":1}},"locations":[{"start":{"line":64,"column":22},"end":{"line":67,"column":1}}]},"14":{"type":"branch","line":74,"loc":{"start":{"line":74,"column":7},"end":{"line":102,"column":1}},"locations":[{"start":{"line":74,"column":7},"end":{"line":102,"column":1}}]},"15":{"type":"branch","line":79,"loc":{"start":{"line":79,"column":49},"end":{"line":81,"column":3}},"locations":[{"start":{"line":79,"column":49},"end":{"line":81,"column":3}}]},"16":{"type":"branch","line":81,"loc":{"start":{"line":81,"column":2},"end":{"line":88,"column":35}},"locations":[{"start":{"line":81,"column":2},"end":{"line":88,"column":35}}]},"17":{"type":"branch","line":88,"loc":{"start":{"line":88,"column":7},"end":{"line":88,"column":35}},"locations":[{"start":{"line":88,"column":7},"end":{"line":88,"column":35}}]},"18":{"type":"branch","line":88,"loc":{"start":{"line":88,"column":35},"end":{"line":90,"column":32}},"locations":[{"start":{"line":88,"column":35},"end":{"line":90,"column":32}}]},"19":{"type":"branch","line":88,"loc":{"start":{"line":88,"column":35},"end":{"line":88,"column":47}},"locations":[{"start":{"line":88,"column":35},"end":{"line":88,"column":47}}]},"20":{"type":"branch","line":90,"loc":{"start":{"line":90,"column":15},"end":{"line":90,"column":32}},"locations":[{"start":{"line":90,"column":15},"end":{"line":90,"column":32}}]},"21":{"type":"branch","line":91,"loc":{"start":{"line":91,"column":19},"end":{"line":91,"column":37}},"locations":[{"start":{"line":91,"column":19},"end":{"line":91,"column":37}}]},"22":{"type":"branch","line":107,"loc":{"start":{"line":107,"column":7},"end":{"line":149,"column":1}},"locations":[{"start":{"line":107,"column":7},"end":{"line":149,"column":1}}]},"23":{"type":"branch","line":109,"loc":{"start":{"line":109,"column":15},"end":{"line":109,"column":64}},"locations":[{"start":{"line":109,"column":15},"end":{"line":109,"column":64}}]},"24":{"type":"branch","line":109,"loc":{"start":{"line":109,"column":64},"end":{"line":123,"column":3}},"locations":[{"start":{"line":109,"column":64},"end":{"line":123,"column":3}}]},"25":{"type":"branch","line":127,"loc":{"start":{"line":127,"column":43},"end":{"line":129,"column":5}},"locations":[{"start":{"line":127,"column":43},"end":{"line":129,"column":5}}]},"26":{"type":"branch","line":130,"loc":{"start":{"line":130,"column":40},"end":{"line":138,"column":15}},"locations":[{"start":{"line":130,"column":40},"end":{"line":138,"column":15}}]}},"b":{"0":[10],"1":[1],"2":[9],"3":[0],"4":[5],"5":[7],"6":[4],"7":[4],"8":[1],"9":[3],"10":[8],"11":[0],"12":[1],"13":[7],"14":[9],"15":[8],"16":[1],"17":[0],"18":[1],"19":[0],"20":[0],"21":[0],"22":[1],"23":[0],"24":[0],"25":[0],"26":[0]},"fnMap":{"0":{"name":"readConfigFile","decl":{"start":{"line":19,"column":0},"end":{"line":28,"column":1}},"loc":{"start":{"line":19,"column":0},"end":{"line":28,"column":1}},"line":19},"1":{"name":"mergeConfigs","decl":{"start":{"line":33,"column":0},"end":{"line":51,"column":1}},"loc":{"start":{"line":33,"column":0},"end":{"line":51,"column":1}},"line":33},"2":{"name":"readScopedConfig","decl":{"start":{"line":56,"column":7},"end":{"line":67,"column":1}},"loc":{"start":{"line":56,"column":7},"end":{"line":67,"column":1}},"line":56},"3":{"name":"readEffectiveConfig","decl":{"start":{"line":74,"column":7},"end":{"line":102,"column":1}},"loc":{"start":{"line":74,"column":7},"end":{"line":102,"column":1}},"line":74},"4":{"name":"redactConfig","decl":{"start":{"line":107,"column":7},"end":{"line":149,"column":1}},"loc":{"start":{"line":107,"column":7},"end":{"line":149,"column":1}},"line":107}},"f":{"0":10,"1":5,"2":8,"3":9,"4":1}}
,"D:\\Cubebis Work\\cubis-foundry\\mcp\\src\\cbxConfig\\serviceConfig.ts": {"path":"D:\\Cubebis Work\\cubis-foundry\\mcp\\src\\cbxConfig\\serviceConfig.ts","all":false,"statementMap":{"24":{"start":{"line":25,"column":0},"end":{"line":25,"column":62}},"25":{"start":{"line":26,"column":0},"end":{"line":26,"column":63}},"26":{"start":{"line":27,"column":0},"end":{"line":27,"column":39}},"27":{"start":{"line":28,"column":0},"end":{"line":28,"column":50}},"28":{"start":{"line":29,"column":0},"end":{"line":29,"column":48}},"30":{"start":{"line":31,"column":0},"end":{"line":31,"column":67}},"31":{"start":{"line":32,"column":0},"end":{"line":32,"column":79}},"32":{"start":{"line":33,"column":0},"end":{"line":33,"column":42}},"33":{"start":{"line":34,"column":0},"end":{"line":34,"column":1}},"35":{"start":{"line":36,"column":0},"end":{"line":36,"column":81}},"36":{"start":{"line":37,"column":0},"end":{"line":37,"column":67}},"37":{"start":{"line":38,"column":0},"end":{"line":38,"column":32}},"38":{"start":{"line":39,"column":0},"end":{"line":39,"column":1}},"40":{"start":{"line":41,"column":0},"end":{"line":41,"column":68}},"41":{"start":{"line":42,"column":0},"end":{"line":42,"column":67}},"42":{"start":{"line":43,"column":0},"end":{"line":43,"column":32}},"43":{"start":{"line":44,"column":0},"end":{"line":44,"column":1}},"45":{"start":{"line":46,"column":0},"end":{"line":46,"column":65}},"46":{"start":{"line":47,"column":0},"end":{"line":47,"column":57}},"47":{"start":{"line":48,"column":0},"end":{"line":48,"column":42}},"48":{"start":{"line":49,"column":0},"end":{"line":49,"column":28}},"49":{"start":{"line":50,"column":0},"end":{"line":50,"column":1}},"51":{"start":{"line":52,"column":0},"end":{"line":52,"column":78}},"52":{"start":{"line":53,"column":0},"end":{"line":53,"column":49}},"53":{"start":{"line":54,"column":0},"end":{"line":54,"column":80}},"54":{"start":{"line":55,"column":0},"end":{"line":55,"column":41}},"55":{"start":{"line":56,"column":0},"end":{"line":56,"column":25}},"56":{"start":{"line":57,"column":0},"end":{"line":57,"column":28}},"57":{"start":{"line":58,"column":0},"end":{"line":58,"column":4}},"58":{"start":{"line":59,"column":0},"end":{"line":59,"column":78}},"59":{"start":{"line":60,"column":0},"end":{"line":60,"column":48}},"61":{"start":{"line":62,"column":0},"end":{"line":62,"column":41}},"62":{"start":{"line":63,"column":0},"end":{"line":63,"column":41}},"63":{"start":{"line":64,"column":0},"end":{"line":64,"column":27}},"64":{"start":{"line":65,"column":0},"end":{"line":65,"column":19}},"65":{"start":{"line":66,"column":0},"end":{"line":66,"column":62}},"66":{"start":{"line":67,"column":0},"end":{"line":67,"column":74}},"67":{"start":{"line":68,"column":0},"end":{"line":68,"column":43}},"68":{"start":{"line":69,"column":0},"end":{"line":69,"column":58}},"69":{"start":{"line":70,"column":0},"end":{"line":70,"column":8}},"70":{"start":{"line":71,"column":0},"end":{"line":71,"column":22}},"71":{"start":{"line":72,"column":0},"end":{"line":72,"column":79}},"72":{"start":{"line":73,"column":0},"end":{"line":73,"column":7}},"73":{"start":{"line":74,"column":0},"end":{"line":74,"column":3}},"75":{"start":{"line":76,"column":0},"end":{"line":76,"column":30}},"76":{"start":{"line":77,"column":0},"end":{"line":77,"column":19}},"77":{"start":{"line":78,"column":0},"end":{"line":78,"column":33}},"78":{"start":{"line":79,"column":0},"end":{"line":79,"column":35}},"79":{"start":{"line":80,"column":0},"end":{"line":80,"column":71}},"80":{"start":{"line":81,"column":0},"end":{"line":81,"column":22}},"81":{"start":{"line":82,"column":0},"end":{"line":82,"column":79}},"82":{"start":{"line":83,"column":0},"end":{"line":83,"column":7}},"83":{"start":{"line":84,"column":0},"end":{"line":84,"column":3}},"85":{"start":{"line":86,"column":0},"end":{"line":86,"column":77}},"86":{"start":{"line":87,"column":0},"end":{"line":87,"column":23}},"87":{"start":{"line":88,"column":0},"end":{"line":88,"column":80}},"89":{"start":{"line":90,"column":0},"end":{"line":90,"column":10}},"90":{"start":{"line":91,"column":0},"end":{"line":91,"column":11}},"91":{"start":{"line":92,"column":0},"end":{"line":92,"column":51}},"92":{"start":{"line":93,"column":0},"end":{"line":93,"column":41}},"93":{"start":{"line":94,"column":0},"end":{"line":94,"column":13}},"94":{"start":{"line":95,"column":0},"end":{"line":95,"column":4}},"95":{"start":{"line":96,"column":0},"end":{"line":96,"column":1}},"97":{"start":{"line":98,"column":0},"end":{"line":98,"column":77}},"98":{"start":{"line":99,"column":0},"end":{"line":99,"column":48}},"99":{"start":{"line":100,"column":0},"end":{"line":100,"column":79}},"100":{"start":{"line":101,"column":0},"end":{"line":101,"column":41}},"101":{"start":{"line":102,"column":0},"end":{"line":102,"column":25}},"102":{"start":{"line":103,"column":0},"end":{"line":103,"column":27}},"103":{"start":{"line":104,"column":0},"end":{"line":104,"column":4}},"104":{"start":{"line":105,"column":0},"end":{"line":105,"column":39}},"105":{"start":{"line":106,"column":0},"end":{"line":106,"column":48}},"107":{"start":{"line":108,"column":0},"end":{"line":108,"column":35}},"108":{"start":{"line":109,"column":0},"end":{"line":109,"column":43}},"109":{"start":{"line":110,"column":0},"end":{"line":110,"column":43}},"110":{"start":{"line":111,"column":0},"end":{"line":111,"column":29}},"111":{"start":{"line":112,"column":0},"end":{"line":112,"column":21}},"112":{"start":{"line":113,"column":0},"end":{"line":113,"column":64}},"113":{"start":{"line":114,"column":0},"end":{"line":114,"column":76}},"114":{"start":{"line":115,"column":0},"end":{"line":115,"column":50}},"115":{"start":{"line":116,"column":0},"end":{"line":116,"column":24}},"116":{"start":{"line":117,"column":0},"end":{"line":117,"column":81}},"117":{"start":{"line":118,"column":0},"end":{"line":118,"column":9}},"118":{"start":{"line":119,"column":0},"end":{"line":119,"column":5}},"119":{"start":{"line":120,"column":0},"end":{"line":120,"column":37}},"120":{"start":{"line":121,"column":0},"end":{"line":121,"column":59}},"121":{"start":{"line":122,"column":0},"end":{"line":122,"column":45}},"122":{"start":{"line":123,"column":0},"end":{"line":123,"column":8}},"123":{"start":{"line":124,"column":0},"end":{"line":124,"column":43}},"124":{"start":{"line":125,"column":0},"end":{"line":125,"column":29}},"125":{"start":{"line":126,"column":0},"end":{"line":126,"column":21}},"126":{"start":{"line":127,"column":0},"end":{"line":127,"column":63}},"127":{"start":{"line":128,"column":0},"end":{"line":128,"column":76}},"128":{"start":{"line":129,"column":0},"end":{"line":129,"column":50}},"129":{"start":{"line":130,"column":0},"end":{"line":130,"column":24}},"130":{"start":{"line":131,"column":0},"end":{"line":131,"column":81}},"131":{"start":{"line":132,"column":0},"end":{"line":132,"column":9}},"132":{"start":{"line":133,"column":0},"end":{"line":133,"column":5}},"133":{"start":{"line":134,"column":0},"end":{"line":134,"column":3}},"135":{"start":{"line":136,"column":0},"end":{"line":136,"column":30}},"136":{"start":{"line":137,"column":0},"end":{"line":137,"column":19}},"137":{"start":{"line":138,"column":0},"end":{"line":138,"column":33}},"138":{"start":{"line":139,"column":0},"end":{"line":139,"column":35}},"139":{"start":{"line":140,"column":0},"end":{"line":140,"column":58}},"140":{"start":{"line":141,"column":0},"end":{"line":141,"column":22}},"141":{"start":{"line":142,"column":0},"end":{"line":142,"column":79}},"142":{"start":{"line":143,"column":0},"end":{"line":143,"column":7}},"143":{"start":{"line":144,"column":0},"end":{"line":144,"column":3}},"145":{"start":{"line":146,"column":0},"end":{"line":146,"column":77}},"146":{"start":{"line":147,"column":0},"end":{"line":147,"column":23}},"147":{"start":{"line":148,"column":0},"end":{"line":148,"column":80}},"149":{"start":{"line":150,"column":0},"end":{"line":150,"column":10}},"150":{"start":{"line":151,"column":0},"end":{"line":151,"column":11}},"151":{"start":{"line":152,"column":0},"end":{"line":152,"column":51}},"152":{"start":{"line":153,"column":0},"end":{"line":153,"column":41}},"153":{"start":{"line":154,"column":0},"end":{"line":154,"column":13}},"154":{"start":{"line":155,"column":0},"end":{"line":155,"column":54}},"155":{"start":{"line":156,"column":0},"end":{"line":156,"column":4}},"156":{"start":{"line":157,"column":0},"end":{"line":157,"column":1}}},"s":{"24":1,"25":1,"26":1,"27":1,"28":1,"30":23,"31":23,"32":23,"33":23,"35":9,"36":9,"37":9,"38":9,"40":18,"41":18,"42":18,"43":18,"45":30,"46":30,"47":20,"48":30,"49":30,"51":1,"52":4,"53":4,"54":4,"55":4,"56":4,"57":4,"58":4,"59":4,"61":4,"62":1,"63":1,"64":1,"65":1,"66":1,"67":1,"68":1,"69":1,"70":1,"71":1,"72":1,"73":1,"75":4,"76":3,"77":3,"78":3,"79":3,"80":3,"81":3,"82":3,"83":3,"85":4,"86":4,"87":4,"89":4,"90":4,"91":4,"92":4,"93":4,"94":4,"95":4,"97":1,"98":5,"99":5,"100":5,"101":5,"102":5,"103":5,"104":5,"105":5,"107":5,"108":0,"109":0,"110":0,"111":0,"112":0,"113":0,"114":0,"115":0,"116":0,"117":0,"118":0,"119":5,"120":5,"121":5,"122":5,"123":8,"124":8,"125":8,"126":8,"127":8,"128":8,"129":8,"130":8,"131":8,"132":8,"133":5,"135":5,"136":0,"137":0,"138":0,"139":0,"140":0,"141":0,"142":0,"143":0,"145":5,"146":5,"147":5,"149":5,"150":5,"151":5,"152":5,"153":5,"154":5,"155":5,"156":5},"branchMap":{"0":{"type":"branch","line":31,"loc":{"start":{"line":31,"column":0},"end":{"line":34,"column":1}},"locations":[{"start":{"line":31,"column":0},"end":{"line":34,"column":1}}]},"1":{"type":"branch","line":32,"loc":{"start":{"line":32,"column":67},"end":{"line":32,"column":79}},"locations":[{"start":{"line":32,"column":67},"end":{"line":32,"column":79}}]},"2":{"type":"branch","line":36,"loc":{"start":{"line":36,"column":0},"end":{"line":39,"column":1}},"locations":[{"start":{"line":36,"column":0},"end":{"line":39,"column":1}}]},"3":{"type":"branch","line":37,"loc":{"start":{"line":37,"column":60},"end":{"line":37,"column":67}},"locations":[{"start":{"line":37,"column":60},"end":{"line":37,"column":67}}]},"4":{"type":"branch","line":38,"loc":{"start":{"line":38,"column":9},"end":{"line":38,"column":32}},"locations":[{"start":{"line":38,"column":9},"end":{"line":38,"column":32}}]},"5":{"type":"branch","line":41,"loc":{"start":{"line":41,"column":0},"end":{"line":44,"column":1}},"locations":[{"start":{"line":41,"column":0},"end":{"line":44,"column":1}}]},"6":{"type":"branch","line":42,"loc":{"start":{"line":42,"column":38},"end":{"line":42,"column":64}},"locations":[{"start":{"line":42,"column":38},"end":{"line":42,"column":64}}]},"7":{"type":"branch","line":42,"loc":{"start":{"line":42,"column":60},"end":{"line":42,"column":67}},"locations":[{"start":{"line":42,"column":60},"end":{"line":42,"column":67}}]},"8":{"type":"branch","line":43,"loc":{"start":{"line":43,"column":9},"end":{"line":43,"column":32}},"locations":[{"start":{"line":43,"column":9},"end":{"line":43,"column":32}}]},"9":{"type":"branch","line":46,"loc":{"start":{"line":46,"column":0},"end":{"line":50,"column":1}},"locations":[{"start":{"line":46,"column":0},"end":{"line":50,"column":1}}]},"10":{"type":"branch","line":47,"loc":{"start":{"line":47,"column":45},"end":{"line":47,"column":57}},"locations":[{"start":{"line":47,"column":45},"end":{"line":47,"column":57}}]},"11":{"type":"branch","line":47,"loc":{"start":{"line":47,"column":52},"end":{"line":49,"column":23}},"locations":[{"start":{"line":47,"column":52},"end":{"line":49,"column":23}}]},"12":{"type":"branch","line":49,"loc":{"start":{"line":49,"column":9},"end":{"line":49,"column":28}},"locations":[{"start":{"line":49,"column":9},"end":{"line":49,"column":28}}]},"13":{"type":"branch","line":52,"loc":{"start":{"line":52,"column":7},"end":{"line":96,"column":1}},"locations":[{"start":{"line":52,"column":7},"end":{"line":96,"column":1}}]},"14":{"type":"branch","line":53,"loc":{"start":{"line":53,"column":41},"end":{"line":53,"column":49}},"locations":[{"start":{"line":53,"column":41},"end":{"line":53,"column":49}}]},"15":{"type":"branch","line":54,"loc":{"start":{"line":54,"column":55},"end":{"line":54,"column":80}},"locations":[{"start":{"line":54,"column":55},"end":{"line":54,"column":80}}]},"16":{"type":"branch","line":59,"loc":{"start":{"line":59,"column":52},"end":{"line":59,"column":75}},"locations":[{"start":{"line":59,"column":52},"end":{"line":59,"column":75}}]},"17":{"type":"branch","line":59,"loc":{"start":{"line":59,"column":64},"end":{"line":59,"column":78}},"locations":[{"start":{"line":59,"column":64},"end":{"line":59,"column":78}}]},"18":{"type":"branch","line":62,"loc":{"start":{"line":62,"column":40},"end":{"line":74,"column":3}},"locations":[{"start":{"line":62,"column":40},"end":{"line":74,"column":3}}]},"19":{"type":"branch","line":64,"loc":{"start":{"line":64,"column":18},"end":{"line":64,"column":27}},"locations":[{"start":{"line":64,"column":18},"end":{"line":64,"column":27}}]},"20":{"type":"branch","line":69,"loc":{"start":{"line":69,"column":16},"end":{"line":69,"column":58}},"locations":[{"start":{"line":69,"column":16},"end":{"line":69,"column":58}}]},"21":{"type":"branch","line":72,"loc":{"start":{"line":72,"column":34},"end":{"line":72,"column":79}},"locations":[{"start":{"line":72,"column":34},"end":{"line":72,"column":79}}]},"22":{"type":"branch","line":76,"loc":{"start":{"line":76,"column":29},"end":{"line":84,"column":3}},"locations":[{"start":{"line":76,"column":29},"end":{"line":84,"column":3}}]},"23":{"type":"branch","line":82,"loc":{"start":{"line":82,"column":34},"end":{"line":82,"column":79}},"locations":[{"start":{"line":82,"column":34},"end":{"line":82,"column":79}}]},"24":{"type":"branch","line":88,"loc":{"start":{"line":88,"column":63},"end":{"line":88,"column":80}},"locations":[{"start":{"line":88,"column":63},"end":{"line":88,"column":80}}]},"25":{"type":"branch","line":92,"loc":{"start":{"line":92,"column":38},"end":{"line":92,"column":51}},"locations":[{"start":{"line":92,"column":38},"end":{"line":92,"column":51}}]},"26":{"type":"branch","line":93,"loc":{"start":{"line":93,"column":19},"end":{"line":93,"column":41}},"locations":[{"start":{"line":93,"column":19},"end":{"line":93,"column":41}}]},"27":{"type":"branch","line":88,"loc":{"start":{"line":88,"column":18},"end":{"line":88,"column":63}},"locations":[{"start":{"line":88,"column":18},"end":{"line":88,"column":63}}]},"28":{"type":"branch","line":98,"loc":{"start":{"line":98,"column":7},"end":{"line":157,"column":1}},"locations":[{"start":{"line":98,"column":7},"end":{"line":157,"column":1}}]},"29":{"type":"branch","line":99,"loc":{"start":{"line":99,"column":40},"end":{"line":99,"column":48}},"locations":[{"start":{"line":99,"column":40},"end":{"line":99,"column":48}}]},"30":{"type":"branch","line":108,"loc":{"start":{"line":108,"column":34},"end":{"line":120,"column":13}},"locations":[{"start":{"line":108,"column":34},"end":{"line":120,"column":13}}]},"31":{"type":"branch","line":123,"loc":{"start":{"line":123,"column":7},"end":{"line":133,"column":5}},"locations":[{"start":{"line":123,"column":7},"end":{"line":133,"column":5}}]},"32":{"type":"branch","line":125,"loc":{"start":{"line":125,"column":20},"end":{"line":125,"column":29}},"locations":[{"start":{"line":125,"column":20},"end":{"line":125,"column":29}}]},"33":{"type":"branch","line":131,"loc":{"start":{"line":131,"column":36},"end":{"line":131,"column":81}},"locations":[{"start":{"line":131,"column":36},"end":{"line":131,"column":81}}]},"34":{"type":"branch","line":136,"loc":{"start":{"line":136,"column":29},"end":{"line":144,"column":3}},"locations":[{"start":{"line":136,"column":29},"end":{"line":144,"column":3}}]},"35":{"type":"branch","line":148,"loc":{"start":{"line":148,"column":63},"end":{"line":148,"column":80}},"locations":[{"start":{"line":148,"column":63},"end":{"line":148,"column":80}}]},"36":{"type":"branch","line":152,"loc":{"start":{"line":152,"column":38},"end":{"line":152,"column":51}},"locations":[{"start":{"line":152,"column":38},"end":{"line":152,"column":51}}]},"37":{"type":"branch","line":153,"loc":{"start":{"line":153,"column":19},"end":{"line":153,"column":41}},"locations":[{"start":{"line":153,"column":19},"end":{"line":153,"column":41}}]},"38":{"type":"branch","line":148,"loc":{"start":{"line":148,"column":18},"end":{"line":148,"column":63}},"locations":[{"start":{"line":148,"column":18},"end":{"line":148,"column":63}}]}},"b":{"0":[23],"1":[0],"2":[9],"3":[0],"4":[0],"5":[18],"6":[2],"7":[16],"8":[16],"9":[30],"10":[10],"11":[20],"12":[0],"13":[4],"14":[0],"15":[0],"16":[1],"17":[3],"18":[1],"19":[0],"20":[0],"21":[0],"22":[3],"23":[0],"24":[3],"25":[0],"26":[0],"27":[4],"28":[5],"29":[0],"30":[0],"31":[8],"32":[0],"33":[3],"34":[0],"35":[0],"36":[0],"37":[0],"38":[7]},"fnMap":{"0":{"name":"asRecord","decl":{"start":{"line":31,"column":0},"end":{"line":34,"column":1}},"loc":{"start":{"line":31,"column":0},"end":{"line":34,"column":1}},"line":31},"1":{"name":"normalizeName","decl":{"start":{"line":36,"column":0},"end":{"line":39,"column":1}},"loc":{"start":{"line":36,"column":0},"end":{"line":39,"column":1}},"line":36},"2":{"name":"normalizeEnvVar","decl":{"start":{"line":41,"column":0},"end":{"line":44,"column":1}},"loc":{"start":{"line":41,"column":0},"end":{"line":44,"column":1}},"line":41},"3":{"name":"normalizeOptionalString","decl":{"start":{"line":46,"column":0},"end":{"line":50,"column":1}},"loc":{"start":{"line":46,"column":0},"end":{"line":50,"column":1}},"line":46},"4":{"name":"parsePostmanState","decl":{"start":{"line":52,"column":7},"end":{"line":96,"column":1}},"loc":{"start":{"line":52,"column":7},"end":{"line":96,"column":1}},"line":52},"5":{"name":"parseStitchState","decl":{"start":{"line":98,"column":7},"end":{"line":157,"column":1}},"loc":{"start":{"line":98,"column":7},"end":{"line":157,"column":1}},"line":98}},"f":{"0":23,"1":9,"2":18,"3":30,"4":4,"5":5}}
,"D:\\Cubebis Work\\cubis-foundry\\mcp\\src\\cbxConfig\\types.ts": {"path":"D:\\Cubebis Work\\cubis-foundry\\mcp\\src\\cbxConfig\\types.ts","all":true,"statementMap":{"0":{"start":{"line":1,"column":0},"end":{"line":1,"column":3}},"1":{"start":{"line":2,"column":0},"end":{"line":2,"column":46}},"2":{"start":{"line":3,"column":0},"end":{"line":3,"column":3}},"3":{"start":{"line":4,"column":0},"end":{"line":4,"column":0}},"4":{"start":{"line":5,"column":0},"end":{"line":5,"column":47}},"5":{"start":{"line":6,"column":0},"end":{"line":6,"column":0}},"6":{"start":{"line":7,"column":0},"end":{"line":7,"column":33}},"7":{"start":{"line":8,"column":0},"end":{"line":8,"column":16}},"8":{"start":{"line":9,"column":0},"end":{"line":9,"column":18}},"9":{"start":{"line":10,"column":0},"end":{"line":10,"column":15}},"10":{"start":{"line":11,"column":0},"end":{"line":11,"column":30}},"11":{"start":{"line":12,"column":0},"end":{"line":12,"column":37}},"12":{"start":{"line":13,"column":0},"end":{"line":13,"column":18}},"13":{"start":{"line":14,"column":0},"end":{"line":14,"column":24}},"14":{"start":{"line":15,"column":0},"end":{"line":15,"column":23}},"15":{"start":{"line":16,"column":0},"end":{"line":16,"column":1}},"16":{"start":{"line":17,"column":0},"end":{"line":17,"column":0}},"17":{"start":{"line":18,"column":0},"end":{"line":18,"column":32}},"18":{"start":{"line":19,"column":0},"end":{"line":19,"column":18}},"19":{"start":{"line":20,"column":0},"end":{"line":20,"column":37}},"20":{"start":{"line":21,"column":0},"end":{"line":21,"column":29}},"21":{"start":{"line":22,"column":0},"end":{"line":22,"column":24}},"22":{"start":{"line":23,"column":0},"end":{"line":23,"column":23}},"23":{"start":{"line":24,"column":0},"end":{"line":24,"column":63}},"24":{"start":{"line":25,"column":0},"end":{"line":25,"column":1}},"25":{"start":{"line":26,"column":0},"end":{"line":26,"column":0}},"26":{"start":{"line":27,"column":0},"end":{"line":27,"column":31}},"27":{"start":{"line":28,"column":0},"end":{"line":28,"column":18}},"28":{"start":{"line":29,"column":0},"end":{"line":29,"column":29}},"29":{"start":{"line":30,"column":0},"end":{"line":30,"column":24}},"30":{"start":{"line":31,"column":0},"end":{"line":31,"column":63}},"31":{"start":{"line":32,"column":0},"end":{"line":32,"column":1}},"32":{"start":{"line":33,"column":0},"end":{"line":33,"column":0}},"33":{"start":{"line":34,"column":0},"end":{"line":34,"column":28}},"34":{"start":{"line":35,"column":0},"end":{"line":35,"column":26}},"35":{"start":{"line":36,"column":0},"end":{"line":36,"column":24}},"36":{"start":{"line":37,"column":0},"end":{"line":37,"column":25}},"37":{"start":{"line":38,"column":0},"end":{"line":38,"column":1}},"38":{"start":{"line":39,"column":0},"end":{"line":39,"column":0}},"39":{"start":{"line":40,"column":0},"end":{"line":40,"column":34}},"40":{"start":{"line":41,"column":0},"end":{"line":41,"column":20}},"41":{"start":{"line":42,"column":0},"end":{"line":42,"column":21}},"42":{"start":{"line":43,"column":0},"end":{"line":43,"column":15}},"43":{"start":{"line":44,"column":0},"end":{"line":44,"column":1}}},"s":{"0":0,"1":0,"2":0,"3":0,"4":0,"5":0,"6":0,"7":0,"8":0,"9":0,"10":0,"11":0,"12":0,"13":0,"14":0,"15":0,"16":0,"17":0,"18":0,"19":0,"20":0,"21":0,"22":0,"23":0,"24":0,"25":0,"26":0,"27":0,"28":0,"29":0,"30":0,"31":0,"32":0,"33":0,"34":0,"35":0,"36":0,"37":0,"38":0,"39":0,"40":0,"41":0,"42":0,"43":0},"branchMap":{"0":{"type":"branch","line":1,"loc":{"start":{"line":1,"column":0},"end":{"line":44,"column":1}},"locations":[{"start":{"line":1,"column":0},"end":{"line":44,"column":1}}]}},"b":{"0":[0]},"fnMap":{"0":{"name":"(empty-report)","decl":{"start":{"line":1,"column":0},"end":{"line":44,"column":1}},"loc":{"start":{"line":1,"column":0},"end":{"line":44,"column":1}},"line":1}},"f":{"0":0}}
,"D:\\Cubebis Work\\cubis-foundry\\mcp\\src\\cbxConfig\\writer.ts": {"path":"D:\\Cubebis Work\\cubis-foundry\\mcp\\src\\cbxConfig\\writer.ts","all":false,"statementMap":{"0":{"start":{"line":1,"column":0},"end":{"line":1,"column":3}},"30":{"start":{"line":31,"column":0},"end":{"line":31,"column":33}},"31":{"start":{"line":32,"column":0},"end":{"line":32,"column":20}},"32":{"start":{"line":33,"column":0},"end":{"line":33,"column":17}},"33":{"start":{"line":34,"column":0},"end":{"line":34,"column":31}},"34":{"start":{"line":35,"column":0},"end":{"line":35,"column":25}},"35":{"start":{"line":36,"column":0},"end":{"line":36,"column":48}},"36":{"start":{"line":37,"column":0},"end":{"line":37,"column":59}},"37":{"start":{"line":38,"column":0},"end":{"line":38,"column":35}},"40":{"start":{"line":41,"column":0},"end":{"line":41,"column":29}},"41":{"start":{"line":42,"column":0},"end":{"line":42,"column":31}},"42":{"start":{"line":43,"column":0},"end":{"line":43,"column":9}},"43":{"start":{"line":44,"column":0},"end":{"line":44,"column":51}},"44":{"start":{"line":45,"column":0},"end":{"line":45,"column":44}},"45":{"start":{"line":46,"column":0},"end":{"line":46,"column":13}},"46":{"start":{"line":47,"column":0},"end":{"line":47,"column":18}},"47":{"start":{"line":48,"column":0},"end":{"line":48,"column":70}},"48":{"start":{"line":49,"column":0},"end":{"line":49,"column":8}},"49":{"start":{"line":50,"column":0},"end":{"line":50,"column":5}},"50":{"start":{"line":51,"column":0},"end":{"line":51,"column":3}},"53":{"start":{"line":54,"column":0},"end":{"line":54,"column":37}},"54":{"start":{"line":55,"column":0},"end":{"line":55,"column":48}},"55":{"start":{"line":56,"column":0},"end":{"line":56,"column":46}},"56":{"start":{"line":57,"column":0},"end":{"line":57,"column":25}},"57":{"start":{"line":58,"column":0},"end":{"line":58,"column":68}},"58":{"start":{"line":59,"column":0},"end":{"line":59,"column":24}},"59":{"start":{"line":60,"column":0},"end":{"line":60,"column":5}},"60":{"start":{"line":61,"column":0},"end":{"line":61,"column":54}},"61":{"start":{"line":62,"column":0},"end":{"line":62,"column":3}},"62":{"start":{"line":63,"column":0},"end":{"line":63,"column":43}},"65":{"start":{"line":66,"column":0},"end":{"line":66,"column":39}},"66":{"start":{"line":67,"column":0},"end":{"line":67,"column":25}},"67":{"start":{"line":68,"column":0},"end":{"line":68,"column":40}},"68":{"start":{"line":69,"column":0},"end":{"line":69,"column":3}},"70":{"start":{"line":71,"column":0},"end":{"line":71,"column":52}},"71":{"start":{"line":72,"column":0},"end":{"line":72,"column":73}},"72":{"start":{"line":73,"column":0},"end":{"line":73,"column":34}},"74":{"start":{"line":75,"column":0},"end":{"line":75,"column":71}},"75":{"start":{"line":76,"column":0},"end":{"line":76,"column":60}},"76":{"start":{"line":77,"column":0},"end":{"line":77,"column":1}},"81":{"start":{"line":82,"column":0},"end":{"line":82,"column":35}},"82":{"start":{"line":83,"column":0},"end":{"line":83,"column":31}},"83":{"start":{"line":84,"column":0},"end":{"line":84,"column":25}},"84":{"start":{"line":85,"column":0},"end":{"line":85,"column":9}},"85":{"start":{"line":86,"column":0},"end":{"line":86,"column":59}},"86":{"start":{"line":87,"column":0},"end":{"line":87,"column":35}},"87":{"start":{"line":88,"column":0},"end":{"line":88,"column":21}},"88":{"start":{"line":89,"column":0},"end":{"line":89,"column":3}},"89":{"start":{"line":90,"column":0},"end":{"line":90,"column":1}}},"s":{"0":1,"30":1,"31":3,"32":3,"33":3,"34":3,"35":3,"36":3,"37":3,"40":3,"41":3,"42":2,"43":2,"44":2,"45":2,"46":0,"47":0,"48":0,"49":0,"50":2,"53":3,"54":3,"55":3,"56":3,"57":3,"58":2,"59":2,"60":3,"61":3,"62":3,"65":3,"66":3,"67":0,"68":0,"70":3,"71":3,"72":3,"74":3,"75":3,"76":3,"81":1,"82":2,"83":2,"84":2,"85":2,"86":2,"87":1,"88":1,"89":2},"branchMap":{"0":{"type":"branch","line":31,"loc":{"start":{"line":31,"column":7},"end":{"line":77,"column":1}},"locations":[{"start":{"line":31,"column":7},"end":{"line":77,"column":1}}]},"1":{"type":"branch","line":42,"loc":{"start":{"line":42,"column":30},"end":{"line":51,"column":3}},"locations":[{"start":{"line":42,"column":30},"end":{"line":51,"column":3}}]},"2":{"type":"branch","line":46,"loc":{"start":{"line":46,"column":4},"end":{"line":50,"column":5}},"locations":[{"start":{"line":46,"column":4},"end":{"line":50,"column":5}}]},"3":{"type":"branch","line":58,"loc":{"start":{"line":58,"column":32},"end":{"line":58,"column":67}},"locations":[{"start":{"line":58,"column":32},"end":{"line":58,"column":67}}]},"4":{"type":"branch","line":58,"loc":{"start":{"line":58,"column":67},"end":{"line":60,"column":5}},"locations":[{"start":{"line":58,"column":67},"end":{"line":60,"column":5}}]},"5":{"type":"branch","line":67,"loc":{"start":{"line":67,"column":24},"end":{"line":69,"column":3}},"locations":[{"start":{"line":67,"column":24},"end":{"line":69,"column":3}}]},"6":{"type":"branch","line":82,"loc":{"start":{"line":82,"column":7},"end":{"line":90,"column":1}},"locations":[{"start":{"line":82,"column":7},"end":{"line":90,"column":1}}]},"7":{"type":"branch","line":87,"loc":{"start":{"line":87,"column":34},"end":{"line":89,"column":3}},"locations":[{"start":{"line":87,"column":34},"end":{"line":89,"column":3}}]}},"b":{"0":[3],"1":[2],"2":[0],"3":[1],"4":[2],"5":[0],"6":[2],"7":[1]},"fnMap":{"0":{"name":"writeConfigField","decl":{"start":{"line":31,"column":7},"end":{"line":77,"column":1}},"loc":{"start":{"line":31,"column":7},"end":{"line":77,"column":1}},"line":31},"1":{"name":"ensureConfigExists","decl":{"start":{"line":82,"column":7},"end":{"line":90,"column":1}},"loc":{"start":{"line":82,"column":7},"end":{"line":90,"column":1}},"line":82}},"f":{"0":3,"1":2}}
,"D:\\Cubebis Work\\cubis-foundry\\mcp\\src\\config\\index.ts": {"path":"D:\\Cubebis Work\\cubis-foundry\\mcp\\src\\config\\index.ts","all":false,"statementMap":{"0":{"start":{"line":1,"column":0},"end":{"line":1,"column":3}},"16":{"start":{"line":17,"column":0},"end":{"line":17,"column":63}},"17":{"start":{"line":18,"column":0},"end":{"line":18,"column":16}},"18":{"start":{"line":19,"column":0},"end":{"line":19,"column":39}},"19":{"start":{"line":20,"column":0},"end":{"line":20,"column":38}},"20":{"start":{"line":21,"column":0},"end":{"line":21,"column":36}},"21":{"start":{"line":22,"column":0},"end":{"line":22,"column":66}},"23":{"start":{"line":24,"column":0},"end":{"line":24,"column":69}},"24":{"start":{"line":25,"column":0},"end":{"line":25,"column":53}},"25":{"start":{"line":26,"column":0},"end":{"line":26,"column":57}},"27":{"start":{"line":28,"column":0},"end":{"line":28,"column":18}},"28":{"start":{"line":29,"column":0},"end":{"line":29,"column":7}},"29":{"start":{"line":30,"column":0},"end":{"line":30,"column":41}},"30":{"start":{"line":31,"column":0},"end":{"line":31,"column":11}},"31":{"start":{"line":32,"column":0},"end":{"line":32,"column":62}},"32":{"start":{"line":33,"column":0},"end":{"line":33,"column":3}},"34":{"start":{"line":35,"column":0},"end":{"line":35,"column":60}},"37":{"start":{"line":38,"column":0},"end":{"line":38,"column":33}},"39":{"start":{"line":40,"column":0},"end":{"line":40,"column":54}},"40":{"start":{"line":41,"column":0},"end":{"line":41,"column":24}},"41":{"start":{"line":42,"column":0},"end":{"line":42,"column":70}},"42":{"start":{"line":43,"column":0},"end":{"line":43,"column":3}},"43":{"start":{"line":44,"column":0},"end":{"line":44,"column":21}},"44":{"start":{"line":45,"column":0},"end":{"line":45,"column":1}}},"s":{"0":1,"16":1,"17":1,"18":1,"19":1,"20":0,"21":1,"23":1,"24":3,"25":3,"27":3,"28":3,"29":3,"30":3,"31":1,"32":1,"34":2,"37":2,"39":2,"40":3,"41":1,"42":1,"43":1,"44":1},"branchMap":{"0":{"type":"branch","line":20,"loc":{"start":{"line":20,"column":37},"end":{"line":21,"column":36}},"locations":[{"start":{"line":20,"column":37},"end":{"line":21,"column":36}}]},"1":{"type":"branch","line":24,"loc":{"start":{"line":24,"column":7},"end":{"line":45,"column":1}},"locations":[{"start":{"line":24,"column":7},"end":{"line":45,"column":1}}]},"2":{"type":"branch","line":25,"loc":{"start":{"line":25,"column":19},"end":{"line":25,"column":53}},"locations":[{"start":{"line":25,"column":19},"end":{"line":25,"column":53}}]},"3":{"type":"branch","line":31,"loc":{"start":{"line":31,"column":2},"end":{"line":33,"column":3}},"locations":[{"start":{"line":31,"column":2},"end":{"line":33,"column":3}}]},"4":{"type":"branch","line":33,"loc":{"start":{"line":33,"column":2},"end":{"line":41,"column":23}},"locations":[{"start":{"line":33,"column":2},"end":{"line":41,"column":23}}]},"5":{"type":"branch","line":41,"loc":{"start":{"line":41,"column":23},"end":{"line":45,"column":1}},"locations":[{"start":{"line":41,"column":23},"end":{"line":45,"column":1}}]}},"b":{"0":[0],"1":[3],"2":[0],"3":[1],"4":[2],"5":[1]},"fnMap":{"0":{"name":"loadServerConfig","decl":{"start":{"line":24,"column":7},"end":{"line":45,"column":1}},"loc":{"start":{"line":24,"column":7},"end":{"line":45,"column":1}},"line":24}},"f":{"0":3}}
,"D:\\Cubebis Work\\cubis-foundry\\mcp\\src\\config\\schema.ts": {"path":"D:\\Cubebis Work\\cubis-foundry\\mcp\\src\\config\\schema.ts","all":false,"statementMap":{"0":{"start":{"line":1,"column":0},"end":{"line":1,"column":3}},"8":{"start":{"line":9,"column":0},"end":{"line":9,"column":44}},"9":{"start":{"line":10,"column":0},"end":{"line":10,"column":20}},"10":{"start":{"line":11,"column":0},"end":{"line":11,"column":21}},"11":{"start":{"line":12,"column":0},"end":{"line":12,"column":24}},"12":{"start":{"line":13,"column":0},"end":{"line":13,"column":39}},"13":{"start":{"line":14,"column":0},"end":{"line":14,"column":5}},"14":{"start":{"line":15,"column":0},"end":{"line":15,"column":19}},"15":{"start":{"line":16,"column":0},"end":{"line":16,"column":38}},"16":{"start":{"line":17,"column":0},"end":{"line":17,"column":63}},"17":{"start":{"line":18,"column":0},"end":{"line":18,"column":5}},"18":{"start":{"line":19,"column":0},"end":{"line":19,"column":14}},"19":{"start":{"line":20,"column":0},"end":{"line":20,"column":13}},"20":{"start":{"line":21,"column":0},"end":{"line":21,"column":54}},"21":{"start":{"line":22,"column":0},"end":{"line":22,"column":6}},"22":{"start":{"line":23,"column":0},"end":{"line":23,"column":35}},"23":{"start":{"line":24,"column":0},"end":{"line":24,"column":23}},"24":{"start":{"line":25,"column":0},"end":{"line":25,"column":67}},"25":{"start":{"line":26,"column":0},"end":{"line":26,"column":11}},"26":{"start":{"line":27,"column":0},"end":{"line":27,"column":15}},"27":{"start":{"line":28,"column":0},"end":{"line":28,"column":56}},"28":{"start":{"line":29,"column":0},"end":{"line":29,"column":46}},"29":{"start":{"line":30,"column":0},"end":{"line":30,"column":8}},"30":{"start":{"line":31,"column":0},"end":{"line":31,"column":18}},"31":{"start":{"line":32,"column":0},"end":{"line":32,"column":5}},"32":{"start":{"line":33,"column":0},"end":{"line":33,"column":3}},"40":{"start":{"line":41,"column":0},"end":{"line":41,"column":24}},"41":{"start":{"line":42,"column":0},"end":{"line":42,"column":11}},"42":{"start":{"line":43,"column":0},"end":{"line":43,"column":12}},"43":{"start":{"line":44,"column":0},"end":{"line":44,"column":11}},"44":{"start":{"line":45,"column":0},"end":{"line":45,"column":10}},"45":{"start":{"line":46,"column":0},"end":{"line":46,"column":13}},"46":{"start":{"line":47,"column":0},"end":{"line":47,"column":15}},"47":{"start":{"line":48,"column":0},"end":{"line":48,"column":2}},"49":{"start":{"line":50,"column":0},"end":{"line":50,"column":76}},"50":{"start":{"line":51,"column":0},"end":{"line":51,"column":35}},"51":{"start":{"line":52,"column":0},"end":{"line":52,"column":37}},"52":{"start":{"line":53,"column":0},"end":{"line":53,"column":36}},"53":{"start":{"line":54,"column":0},"end":{"line":54,"column":22}},"54":{"start":{"line":55,"column":0},"end":{"line":55,"column":75}},"56":{"start":{"line":57,"column":0},"end":{"line":57,"column":8}},"57":{"start":{"line":58,"column":0},"end":{"line":58,"column":5}},"58":{"start":{"line":59,"column":0},"end":{"line":59,"column":3}},"59":{"start":{"line":60,"column":0},"end":{"line":60,"column":1}}},"s":{"0":1,"8":1,"9":1,"10":1,"11":1,"12":1,"13":1,"14":1,"15":1,"16":1,"17":1,"18":1,"19":1,"20":1,"21":1,"22":1,"23":1,"24":1,"25":1,"26":1,"27":1,"28":1,"29":1,"30":1,"31":1,"32":1,"40":1,"41":1,"42":1,"43":1,"44":1,"45":1,"46":1,"47":1,"49":1,"50":4,"51":4,"52":19,"53":1,"54":1,"56":1,"57":1,"58":19,"59":3},"branchMap":{"0":{"type":"branch","line":50,"loc":{"start":{"line":50,"column":7},"end":{"line":60,"column":1}},"locations":[{"start":{"line":50,"column":7},"end":{"line":60,"column":1}}]},"1":{"type":"branch","line":52,"loc":{"start":{"line":52,"column":36},"end":{"line":59,"column":3}},"locations":[{"start":{"line":52,"column":36},"end":{"line":59,"column":3}}]},"2":{"type":"branch","line":53,"loc":{"start":{"line":53,"column":35},"end":{"line":58,"column":5}},"locations":[{"start":{"line":53,"column":35},"end":{"line":58,"column":5}}]},"3":{"type":"branch","line":59,"loc":{"start":{"line":59,"column":2},"end":{"line":60,"column":1}},"locations":[{"start":{"line":59,"column":2},"end":{"line":60,"column":1}}]}},"b":{"0":[4],"1":[19],"2":[1],"3":[3]},"fnMap":{"0":{"name":"rejectCredentialFields","decl":{"start":{"line":50,"column":7},"end":{"line":60,"column":1}},"loc":{"start":{"line":50,"column":7},"end":{"line":60,"column":1}},"line":50}},"f":{"0":4}}
,"D:\\Cubebis Work\\cubis-foundry\\mcp\\src\\gateway\\catalog.ts": {"path":"D:\\Cubebis Work\\cubis-foundry\\mcp\\src\\gateway\\catalog.ts","all":true,"statementMap":{"0":{"start":{"line":1,"column":0},"end":{"line":1,"column":3}},"1":{"start":{"line":2,"column":0},"end":{"line":2,"column":75}},"2":{"start":{"line":3,"column":0},"end":{"line":3,"column":3}},"3":{"start":{"line":4,"column":0},"end":{"line":4,"column":0}},"4":{"start":{"line":5,"column":0},"end":{"line":5,"column":51}},"5":{"start":{"line":6,"column":0},"end":{"line":6,"column":25}},"6":{"start":{"line":7,"column":0},"end":{"line":7,"column":29}},"7":{"start":{"line":8,"column":0},"end":{"line":8,"column":57}},"8":{"start":{"line":9,"column":0},"end":{"line":9,"column":67}},"9":{"start":{"line":10,"column":0},"end":{"line":10,"column":0}},"10":{"start":{"line":11,"column":0},"end":{"line":11,"column":34}},"11":{"start":{"line":12,"column":0},"end":{"line":12,"column":28}},"12":{"start":{"line":13,"column":0},"end":{"line":13,"column":28}},"13":{"start":{"line":14,"column":0},"end":{"line":14,"column":11}},"14":{"start":{"line":15,"column":0},"end":{"line":15,"column":42}},"15":{"start":{"line":16,"column":0},"end":{"line":16,"column":73}},"16":{"start":{"line":17,"column":0},"end":{"line":17,"column":3}},"17":{"start":{"line":18,"column":0},"end":{"line":18,"column":0}},"18":{"start":{"line":19,"column":0},"end":{"line":19,"column":59}},"19":{"start":{"line":20,"column":0},"end":{"line":20,"column":1}},"20":{"start":{"line":21,"column":0},"end":{"line":21,"column":0}},"21":{"start":{"line":22,"column":0},"end":{"line":22,"column":32}},"22":{"start":{"line":23,"column":0},"end":{"line":23,"column":21}},"23":{"start":{"line":24,"column":0},"end":{"line":24,"column":29}},"24":{"start":{"line":25,"column":0},"end":{"line":25,"column":11}},"25":{"start":{"line":26,"column":0},"end":{"line":26,"column":57}},"26":{"start":{"line":27,"column":0},"end":{"line":27,"column":1}},"27":{"start":{"line":28,"column":0},"end":{"line":28,"column":0}},"28":{"start":{"line":29,"column":0},"end":{"line":29,"column":31}},"29":{"start":{"line":30,"column":0},"end":{"line":30,"column":21}},"30":{"start":{"line":31,"column":0},"end":{"line":31,"column":26}},"31":{"start":{"line":32,"column":0},"end":{"line":32,"column":11}},"32":{"start":{"line":33,"column":0},"end":{"line":33,"column":45}},"33":{"start":{"line":34,"column":0},"end":{"line":34,"column":65}},"34":{"start":{"line":35,"column":0},"end":{"line":35,"column":75}},"35":{"start":{"line":36,"column":0},"end":{"line":36,"column":18}},"36":{"start":{"line":37,"column":0},"end":{"line":37,"column":1}}},"s":{"0":0,"1":0,"2":0,"3":0,"4":0,"5":0,"6":0,"7":0,"8":0,"9":0,"10":0,"11":0,"12":0,"13":0,"14":0,"15":0,"16":0,"17":0,"18":0,"19":0,"20":0,"21":0,"22":0,"23":0,"24":0,"25":0,"26":0,"27":0,"28":0,"29":0,"30":0,"31":0,"32":0,"33":0,"34":0,"35":0,"36":0},"branchMap":{"0":{"type":"branch","line":1,"loc":{"start":{"line":1,"column":0},"end":{"line":37,"column":1}},"locations":[{"start":{"line":1,"column":0},"end":{"line":37,"column":1}}]}},"b":{"0":[0]},"fnMap":{"0":{"name":"(empty-report)","decl":{"start":{"line":1,"column":0},"end":{"line":37,"column":1}},"loc":{"start":{"line":1,"column":0},"end":{"line":37,"column":1}},"line":1}},"f":{"0":0}}
,"D:\\Cubebis Work\\cubis-foundry\\mcp\\src\\gateway\\config.ts": {"path":"D:\\Cubebis Work\\cubis-foundry\\mcp\\src\\gateway\\config.ts","all":true,"statementMap":{"0":{"start":{"line":1,"column":0},"end":{"line":1,"column":3}},"1":{"start":{"line":2,"column":0},"end":{"line":2,"column":65}},"2":{"start":{"line":3,"column":0},"end":{"line":3,"column":3}},"3":{"start":{"line":4,"column":0},"end":{"line":4,"column":0}},"4":{"start":{"line":5,"column":0},"end":{"line":5,"column":60}},"5":{"start":{"line":6,"column":0},"end":{"line":6,"column":13}},"6":{"start":{"line":7,"column":0},"end":{"line":7,"column":14}},"7":{"start":{"line":8,"column":0},"end":{"line":8,"column":17}},"8":{"start":{"line":9,"column":0},"end":{"line":9,"column":16}},"9":{"start":{"line":10,"column":0},"end":{"line":10,"column":15}},"10":{"start":{"line":11,"column":0},"end":{"line":11,"column":31}},"11":{"start":{"line":12,"column":0},"end":{"line":12,"column":67}},"12":{"start":{"line":13,"column":0},"end":{"line":13,"column":0}},"13":{"start":{"line":14,"column":0},"end":{"line":14,"column":67}},"14":{"start":{"line":15,"column":0},"end":{"line":15,"column":0}},"15":{"start":{"line":16,"column":0},"end":{"line":16,"column":33}},"16":{"start":{"line":17,"column":0},"end":{"line":17,"column":28}},"17":{"start":{"line":18,"column":0},"end":{"line":18,"column":28}},"18":{"start":{"line":19,"column":0},"end":{"line":19,"column":54}},"19":{"start":{"line":20,"column":0},"end":{"line":20,"column":1}},"20":{"start":{"line":21,"column":0},"end":{"line":21,"column":0}},"21":{"start":{"line":22,"column":0},"end":{"line":22,"column":24}},"22":{"start":{"line":23,"column":0},"end":{"line":23,"column":15}},"23":{"start":{"line":24,"column":0},"end":{"line":24,"column":26}},"24":{"start":{"line":25,"column":0},"end":{"line":25,"column":1}},"25":{"start":{"line":26,"column":0},"end":{"line":26,"column":0}},"26":{"start":{"line":27,"column":0},"end":{"line":27,"column":60}},"27":{"start":{"line":28,"column":0},"end":{"line":28,"column":62}},"28":{"start":{"line":29,"column":0},"end":{"line":29,"column":1}},"29":{"start":{"line":30,"column":0},"end":{"line":30,"column":0}},"30":{"start":{"line":31,"column":0},"end":{"line":31,"column":64}},"31":{"start":{"line":32,"column":0},"end":{"line":32,"column":31}},"32":{"start":{"line":33,"column":0},"end":{"line":33,"column":34}},"33":{"start":{"line":34,"column":0},"end":{"line":34,"column":26}},"34":{"start":{"line":35,"column":0},"end":{"line":35,"column":5}},"35":{"start":{"line":36,"column":0},"end":{"line":36,"column":3}},"36":{"start":{"line":37,"column":0},"end":{"line":37,"column":14}},"37":{"start":{"line":38,"column":0},"end":{"line":38,"column":1}},"38":{"start":{"line":39,"column":0},"end":{"line":39,"column":0}},"39":{"start":{"line":40,"column":0},"end":{"line":40,"column":27}},"40":{"start":{"line":41,"column":0},"end":{"line":41,"column":63}},"41":{"start":{"line":42,"column":0},"end":{"line":42,"column":19}},"42":{"start":{"line":43,"column":0},"end":{"line":43,"column":18}},"43":{"start":{"line":44,"column":0},"end":{"line":44,"column":14}},"44":{"start":{"line":45,"column":0},"end":{"line":45,"column":3}},"45":{"start":{"line":46,"column":0},"end":{"line":46,"column":0}},"46":{"start":{"line":47,"column":0},"end":{"line":47,"column":32}},"47":{"start":{"line":48,"column":0},"end":{"line":48,"column":19}},"48":{"start":{"line":49,"column":0},"end":{"line":49,"column":33}},"49":{"start":{"line":50,"column":0},"end":{"line":50,"column":66}},"50":{"start":{"line":51,"column":0},"end":{"line":51,"column":16}},"51":{"start":{"line":52,"column":0},"end":{"line":52,"column":9}},"52":{"start":{"line":53,"column":0},"end":{"line":53,"column":42}},"53":{"start":{"line":54,"column":0},"end":{"line":54,"column":3}},"54":{"start":{"line":55,"column":0},"end":{"line":55,"column":0}},"55":{"start":{"line":56,"column":0},"end":{"line":56,"column":61}},"56":{"start":{"line":57,"column":0},"end":{"line":57,"column":9}},"57":{"start":{"line":58,"column":0},"end":{"line":58,"column":12}},"58":{"start":{"line":59,"column":0},"end":{"line":59,"column":6}},"59":{"start":{"line":60,"column":0},"end":{"line":60,"column":1}},"60":{"start":{"line":61,"column":0},"end":{"line":61,"column":0}},"61":{"start":{"line":62,"column":0},"end":{"line":62,"column":29}},"62":{"start":{"line":63,"column":0},"end":{"line":63,"column":27}},"63":{"start":{"line":64,"column":0},"end":{"line":64,"column":29}},"64":{"start":{"line":65,"column":0},"end":{"line":65,"column":24}},"65":{"start":{"line":66,"column":0},"end":{"line":66,"column":30}},"66":{"start":{"line":67,"column":0},"end":{"line":67,"column":16}},"67":{"start":{"line":68,"column":0},"end":{"line":68,"column":3}},"68":{"start":{"line":69,"column":0},"end":{"line":69,"column":0}},"69":{"start":{"line":70,"column":0},"end":{"line":70,"column":48}},"70":{"start":{"line":71,"column":0},"end":{"line":71,"column":15}},"71":{"start":{"line":72,"column":0},"end":{"line":72,"column":68}},"72":{"start":{"line":73,"column":0},"end":{"line":73,"column":14}},"73":{"start":{"line":74,"column":0},"end":{"line":74,"column":17}},"74":{"start":{"line":75,"column":0},"end":{"line":75,"column":5}},"75":{"start":{"line":76,"column":0},"end":{"line":76,"column":3}},"76":{"start":{"line":77,"column":0},"end":{"line":77,"column":0}},"77":{"start":{"line":78,"column":0},"end":{"line":78,"column":21}},"78":{"start":{"line":79,"column":0},"end":{"line":79,"column":1}},"79":{"start":{"line":80,"column":0},"end":{"line":80,"column":0}},"80":{"start":{"line":81,"column":0},"end":{"line":81,"column":28}},"81":{"start":{"line":82,"column":0},"end":{"line":82,"column":37}},"82":{"start":{"line":83,"column":0},"end":{"line":83,"column":28}},"83":{"start":{"line":84,"column":0},"end":{"line":84,"column":28}},"84":{"start":{"line":85,"column":0},"end":{"line":85,"column":19}},"85":{"start":{"line":86,"column":0},"end":{"line":86,"column":32}},"86":{"start":{"line":87,"column":0},"end":{"line":87,"column":56}},"87":{"start":{"line":88,"column":0},"end":{"line":88,"column":75}},"88":{"start":{"line":89,"column":0},"end":{"line":89,"column":0}},"89":{"start":{"line":90,"column":0},"end":{"line":90,"column":91}},"90":{"start":{"line":91,"column":0},"end":{"line":91,"column":16}},"91":{"start":{"line":92,"column":0},"end":{"line":92,"column":73}},"92":{"start":{"line":93,"column":0},"end":{"line":93,"column":3}},"93":{"start":{"line":94,"column":0},"end":{"line":94,"column":0}},"94":{"start":{"line":95,"column":0},"end":{"line":95,"column":33}},"95":{"start":{"line":96,"column":0},"end":{"line":96,"column":32}},"96":{"start":{"line":97,"column":0},"end":{"line":97,"column":33}},"97":{"start":{"line":98,"column":0},"end":{"line":98,"column":25}},"98":{"start":{"line":99,"column":0},"end":{"line":99,"column":26}},"99":{"start":{"line":100,"column":0},"end":{"line":100,"column":4}},"100":{"start":{"line":101,"column":0},"end":{"line":101,"column":0}},"101":{"start":{"line":102,"column":0},"end":{"line":102,"column":61}},"102":{"start":{"line":103,"column":0},"end":{"line":103,"column":21}},"103":{"start":{"line":104,"column":0},"end":{"line":104,"column":106}},"104":{"start":{"line":105,"column":0},"end":{"line":105,"column":3}},"105":{"start":{"line":106,"column":0},"end":{"line":106,"column":0}},"106":{"start":{"line":107,"column":0},"end":{"line":107,"column":20}},"107":{"start":{"line":108,"column":0},"end":{"line":108,"column":102}},"108":{"start":{"line":109,"column":0},"end":{"line":109,"column":12}},"109":{"start":{"line":110,"column":0},"end":{"line":110,"column":26}},"110":{"start":{"line":111,"column":0},"end":{"line":111,"column":13}},"111":{"start":{"line":112,"column":0},"end":{"line":112,"column":23}},"112":{"start":{"line":113,"column":0},"end":{"line":113,"column":23}},"113":{"start":{"line":114,"column":0},"end":{"line":114,"column":12}},"114":{"start":{"line":115,"column":0},"end":{"line":115,"column":17}},"115":{"start":{"line":116,"column":0},"end":{"line":116,"column":15}},"116":{"start":{"line":117,"column":0},"end":{"line":117,"column":6}},"117":{"start":{"line":118,"column":0},"end":{"line":118,"column":3}},"118":{"start":{"line":119,"column":0},"end":{"line":119,"column":0}},"119":{"start":{"line":120,"column":0},"end":{"line":120,"column":40}},"120":{"start":{"line":121,"column":0},"end":{"line":121,"column":33}},"121":{"start":{"line":122,"column":0},"end":{"line":122,"column":72}},"122":{"start":{"line":123,"column":0},"end":{"line":123,"column":12}},"123":{"start":{"line":124,"column":0},"end":{"line":124,"column":26}},"124":{"start":{"line":125,"column":0},"end":{"line":125,"column":13}},"125":{"start":{"line":126,"column":0},"end":{"line":126,"column":23}},"126":{"start":{"line":127,"column":0},"end":{"line":127,"column":17}},"127":{"start":{"line":128,"column":0},"end":{"line":128,"column":12}},"128":{"start":{"line":129,"column":0},"end":{"line":129,"column":17}},"129":{"start":{"line":130,"column":0},"end":{"line":130,"column":15}},"130":{"start":{"line":131,"column":0},"end":{"line":131,"column":6}},"131":{"start":{"line":132,"column":0},"end":{"line":132,"column":3}},"132":{"start":{"line":133,"column":0
[...]
57":7,"258":7,"264":7,"265":7,"266":7,"267":7,"268":7,"269":7,"270":7,"271":7,"272":7,"273":7,"274":7,"275":7,"276":7,"277":7,"278":7,"279":7,"280":7,"281":7,"282":7,"283":7,"284":7,"285":7,"286":7,"287":7,"288":7,"289":7,"290":7,"291":7,"292":7,"293":7,"294":7,"295":7,"296":7,"297":7,"298":7,"299":7,"300":7,"301":7,"302":7,"303":7,"304":7,"305":7,"306":7,"307":7,"308":7,"309":7,"310":7,"311":7,"312":7,"313":7,"314":7,"315":7,"316":7,"317":7,"318":7,"319":7,"320":7,"321":7,"322":7,"323":7,"324":7,"325":7,"326":7,"327":7,"328":7,"329":7,"330":7,"331":7,"332":7,"333":7,"334":7,"335":7,"336":7,"337":7,"338":7,"339":7,"340":7,"343":7,"344":7,"345":232,"346":232,"347":1,"348":1},"branchMap":{"0":{"type":"branch","line":17,"loc":{"start":{"line":17,"column":0},"end":{"line":83,"column":1}},"locations":[{"start":{"line":17,"column":0},"end":{"line":83,"column":1}}]},"1":{"type":"branch","line":23,"loc":{"start":{"line":23,"column":31},"end":{"line":78,"column":3}},"locations":[{"start":{"line":23,"column":31},"end":{"line":78,"column":3}}]},"2":{"type":"branch","line":27,"loc":{"start":{"line":27,"column":37},"end":{"line":28,"column":12}},"locations":[{"start":{"line":27,"column":37},"end":{"line":28,"column":12}}]},"3":{"type":"branch","line":28,"loc":{"start":{"line":28,"column":4},"end":{"line":31,"column":5}},"locations":[{"start":{"line":28,"column":4},"end":{"line":31,"column":5}}]},"4":{"type":"branch","line":31,"loc":{"start":{"line":31,"column":4},"end":{"line":33,"column":33}},"locations":[{"start":{"line":31,"column":4},"end":{"line":33,"column":33}}]},"5":{"type":"branch","line":33,"loc":{"start":{"line":33,"column":33},"end":{"line":77,"column":5}},"locations":[{"start":{"line":33,"column":33},"end":{"line":77,"column":5}}]},"6":{"type":"branch","line":34,"loc":{"start":{"line":34,"column":33},"end":{"line":34,"column":42}},"locations":[{"start":{"line":34,"column":33},"end":{"line":34,"column":42}}]},"7":{"type":"branch","line":34,"loc":{"start":{"line":34,"column":33},"end":{"line":37,"column":34}},"locations":[{"start":{"line":34,"column":33},"end":{"line":37,"column":34}}]},"8":{"type":"branch","line":37,"loc":{"start":{"line":37,"column":37},"end":{"line":37,"column":46}},"locations":[{"start":{"line":37,"column":37},"end":{"line":37,"column":46}}]},"9":{"type":"branch","line":37,"loc":{"start":{"line":37,"column":37},"end":{"line":41,"column":29}},"locations":[{"start":{"line":37,"column":37},"end":{"line":41,"column":29}}]},"10":{"type":"branch","line":41,"loc":{"start":{"line":41,"column":32},"end":{"line":41,"column":41}},"locations":[{"start":{"line":41,"column":32},"end":{"line":41,"column":41}}]},"11":{"type":"branch","line":41,"loc":{"start":{"line":41,"column":32},"end":{"line":44,"column":32}},"locations":[{"start":{"line":41,"column":32},"end":{"line":44,"column":32}}]},"12":{"type":"branch","line":44,"loc":{"start":{"line":44,"column":32},"end":{"line":47,"column":7}},"locations":[{"start":{"line":44,"column":32},"end":{"line":47,"column":7}}]},"13":{"type":"branch","line":47,"loc":{"start":{"line":47,"column":6},"end":{"line":50,"column":70}},"locations":[{"start":{"line":47,"column":6},"end":{"line":50,"column":70}}]},"14":{"type":"branch","line":50,"loc":{"start":{"line":50,"column":66},"end":{"line":50,"column":75}},"locations":[{"start":{"line":50,"column":66},"end":{"line":50,"column":75}}]},"15":{"type":"branch","line":52,"loc":{"start":{"line":52,"column":23},"end":{"line":57,"column":7}},"locations":[{"start":{"line":52,"column":23},"end":{"line":57,"column":7}}]},"16":{"type":"branch","line":57,"loc":{"start":{"line":57,"column":6},"end":{"line":67,"column":65}},"locations":[{"start":{"line":57,"column":6},"end":{"line":67,"column":65}}]},"17":{"type":"branch","line":67,"loc":{"start":{"line":67,"column":65},"end":{"line":76,"column":7}},"locations":[{"start":{"line":67,"column":65},"end":{"line":76,"column":7}}]},"18":{"type":"branch","line":68,"loc":{"start":{"line":68,"column":31},"end":{"line":68,"column":40}},"locations":[{"start":{"line":68,"column":31},"end":{"line":68,"column":40}}]},"19":{"type":"branch","line":76,"loc":{"start":{"line":76,"column":6},"end":{"line":77,"column":5}},"locations":[{"start":{"line":76,"column":6},"end":{"line":77,"column":5}}]},"20":{"type":"branch","line":77,"loc":{"start":{"line":77,"column":4},"end":{"line":78,"column":3}},"locations":[{"start":{"line":77,"column":4},"end":{"line":78,"column":3}}]},"21":{"type":"branch","line":80,"loc":{"start":{"line":80,"column":47},"end":{"line":80,"column":81}},"locations":[{"start":{"line":80,"column":47},"end":{"line":80,"column":81}}]},"22":{"type":"branch","line":89,"loc":{"start":{"line":89,"column":0},"end":{"line":96,"column":1}},"locations":[{"start":{"line":89,"column":0},"end":{"line":96,"column":1}}]},"23":{"type":"branch","line":93,"loc":{"start":{"line":93,"column":45},"end":{"line":93,"column":63}},"locations":[{"start":{"line":93,"column":45},"end":{"line":93,"column":63}}]},"24":{"type":"branch","line":93,"loc":{"start":{"line":93,"column":52},"end":{"line":94,"column":52}},"locations":[{"start":{"line":93,"column":52},"end":{"line":94,"column":52}}]},"25":{"type":"branch","line":94,"loc":{"start":{"line":94,"column":45},"end":{"line":94,"column":60}},"locations":[{"start":{"line":94,"column":45},"end":{"line":94,"column":60}}]},"26":{"type":"branch","line":94,"loc":{"start":{"line":94,"column":52},"end":{"line":96,"column":1}},"locations":[{"start":{"line":94,"column":52},"end":{"line":96,"column":1}}]},"27":{"type":"branch","line":98,"loc":{"start":{"line":98,"column":0},"end":{"line":117,"column":1}},"locations":[{"start":{"line":98,"column":0},"end":{"line":117,"column":1}}]},"28":{"type":"branch","line":102,"loc":{"start":{"line":102,"column":15},"end":{"line":102,"column":27}},"locations":[{"start":{"line":102,"column":15},"end":{"line":102,"column":27}}]},"29":{"type":"branch","line":119,"loc":{"start":{"line":119,"column":0},"end":{"line":122,"column":1}},"locations":[{"start":{"line":119,"column":0},"end":{"line":122,"column":1}}]},"30":{"type":"branch","line":121,"loc":{"start":{"line":121,"column":18},"end":{"line":121,"column":28}},"locations":[{"start":{"line":121,"column":18},"end":{"line":121,"column":28}}]},"31":{"type":"branch","line":124,"loc":{"start":{"line":124,"column":0},"end":{"line":129,"column":1}},"locations":[{"start":{"line":124,"column":0},"end":{"line":129,"column":1}}]},"32":{"type":"branch","line":125,"loc":{"start":{"line":125,"column":16},"end":{"line":125,"column":25}},"locations":[{"start":{"line":125,"column":16},"end":{"line":125,"column":25}}]},"33":{"type":"branch","line":127,"loc":{"start":{"line":127,"column":9},"end":{"line":127,"column":58}},"locations":[{"start":{"line":127,"column":9},"end":{"line":127,"column":58}}]},"34":{"type":"branch","line":131,"loc":{"start":{"line":131,"column":0},"end":{"line":159,"column":1}},"locations":[{"start":{"line":131,"column":0},"end":{"line":159,"column":1}}]},"35":{"type":"branch","line":135,"loc":{"start":{"line":135,"column":28},"end":{"line":156,"column":3}},"locations":[{"start":{"line":135,"column":28},"end":{"line":156,"column":3}}]},"36":{"type":"branch","line":136,"loc":{"start":{"line":136,"column":21},"end":{"line":141,"column":5}},"locations":[{"start":{"line":136,"column":21},"end":{"line":141,"column":5}}]},"37":{"type":"branch","line":137,"loc":{"start":{"line":137,"column":45},"end":{"line":139,"column":7}},"locations":[{"start":{"line":137,"column":45},"end":{"line":139,"column":7}}]},"38":{"type":"branch","line":141,"loc":{"start":{"line":141,"column":4},"end":{"line":143,"column":31}},"locations":[{"start":{"line":141,"column":4},"end":{"line":143,"column":31}}]},"39":{"type":"branch","line":143,"loc":{"start":{"line":143,"column":22},"end":{"line":143,"column":31}},"locations":[{"start":{"line":143,"column":22},"end":{"line":143,"column":31}}]},"40":{"type":"branch","line":143,"loc":{"start":{"line":143,"column":22},"end":{"line":144,"column":34}},"locations":[{"start":{"line":143,"column":22},"end":{"line":144,"column":34}}]},"41":{"type":"branch","line":144,"loc":{"start":{"line":144,"column":28},"end":{"line":144,"column":34}},"locations":[{"start":{"line":144,"column":28},"end":{"line":144,"column":34}}]},"42":{"type":"branch","line":144,"loc":{"start":{"line":144,"column":28},"end":{"line":147,"column":25}},"locations":[{"start":{"line":144,"column":28},"end":{"line":147,"column":25}}]},"43":{"type":"branch","line":147,"loc":{"start":{"line":147,"column":16},"end":{"line":155,"column":5}},"locations":[{"start":{"line":147,"column":16},"end":{"line":155,"column":5}}]},"44":{"type":"branch","line":156,"loc":{"start":{"line":156,"column":2},"end":{"line":159,"column":1}},"locations":[{"start":{"line":156,"column":2},"end":{"line":159,"column":1}}]},"45":{"type":"branch","line":161,"loc":{"start":{"line":161,"column":0},"end":{"line":213,"column":1}},"locations":[{"start":{"line":161,"column":0},"end":{"line":213,"column":1}}]},"46":{"type":"branch","line":162,"loc":{"start":{"line":162,"column":20},"end":{"line":162,"column":30}},"locations":[{"start":{"line":162,"column":20},"end":{"line":162,"column":30}}]},"47":{"type":"branch","line":167,"loc":{"start":{"line":167,"column":44},"end":{"line":210,"column":3}},"locations":[{"start":{"line":167,"column":44},"end":{"line":210,"column":3}}]},"48":{"type":"branch","line":169,"loc":{"start":{"line":169,"column":21},"end":{"line":174,"column":5}},"locations":[{"start":{"line":169,"column":21},"end":{"line":174,"column":5}}]},"49":{"type":"branch","line":170,"loc":{"start":{"line":170,"column":45},"end":{"line":172,"column":7}},"locations":[{"start":{"line":170,"column":45},"end":{"line":172,"column":7}}]},"50":{"type":"branch","line":174,"loc":{"start":{"line":174,"column":4},"end":{"line":176,"column":31}},"locations":[{"start":{"line":174,"column":4},"end":{"line":176,"column":31}}]},"51":{"type":"branch","line":176,"loc":{"start":{"line":176,"column":22},"end":{"line":176,"column":31}},"locations":[{"start":{"line":176,"column":22},"end":{"line":176,"column":31}}]},"52":{"type":"branch","line":176,"loc":{"start":{"line":176,"column":22},"end":{"line":177,"column":34}},"locations":[{"start":{"line":176,"column":22},"end":{"line":177,"column":34}}]},"53":{"type":"branch","line":177,"loc":{"start":{"line":177,"column":28},"end":{"line":177,"column":34}},"locations":[{"start":{"line":177,"column":28},"end":{"line":177,"column":34}}]},"54":{"type":"branch","line":177,"loc":{"start":{"line":177,"column":28},"end":{"line":180,"column":31}},"locations":[{"start":{"line":177,"column":28},"end":{"line":180,"column":31}}]},"55":{"type":"branch","line":180,"loc":{"start":{"line":180,"column":22},"end":{"line":180,"column":31}},"locations":[{"start":{"line":180,"column":22},"end":{"line":180,"column":31}}]},"56":{"type":"branch","line":180,"loc":{"start":{"line":180,"column":22},"end":{"line":183,"column":52}},"locations":[{"start":{"line":180,"column":22},"end":{"line":183,"column":52}}]},"57":{"type":"branch","line":183,"loc":{"start":{"line":183,"column":52},"end":{"line":186,"column":5}},"locations":[{"start":{"line":183,"column":52},"end":{"line":186,"column":5}}]},"58":{"type":"branch","line":186,"loc":{"start":{"line":186,"column":4},"end":{"line":210,"column":3}},"locations":[{"start":{"line":186,"column":4},"end":{"line":210,"column":3}}]},"59":{"type":"branch","line":215,"loc":{"start":{"line":215,"column":0},"end":{"line":242,"column":1}},"locations":[{"start":{"line":215,"column":0},"end":{"line":242,"column":1}}]},"60":{"type":"branch","line":223,"loc":{"start":{"line":223,"column":2},"end":{"line":232,"column":52}},"locations":[{"start":{"line":223,"column":2},"end":{"line":232,"column":52}}]},"61":{"type":"branch","line":232,"loc":{"start":{"line":232,"column":52},"end":{"line":237,"column":86}},"locations":[{"start":{"line":232,"column":52},"end":{"line":237,"column":86}}]},"62":{"type":"branch","line":237,"loc":{"start":{"line":237,"column":86},"end":{"line":241,"column":3}},"locations":[{"start":{"line":237,"column":86},"end":{"line":241,"column":3}}]},"63":{"type":"branch","line":244,"loc":{"start":{"line":244,"column":0},"end":{"line":259,"column":1}},"locations":[{"start":{"line":244,"column":0},"end":{"line":259,"column":1}}]},"64":{"type":"branch","line":249,"loc":{"start":{"line":249,"column":12},"end":{"line":249,"column":24}},"locations":[{"start":{"line":249,"column":12},"end":{"line":249,"column":24}}]},"65":{"type":"branch","line":249,"loc":{"start":{"line":249,"column":19},"end":{"line":251,"column":27}},"locations":[{"start":{"line":249,"column":19},"end":{"line":251,"column":27}}]},"66":{"type":"branch","line":251,"loc":{"start":{"line":251,"column":20},"end":{"line":251,"column":32}},"locations":[{"start":{"line":251,"column":20},"end":{"line":251,"column":32}}]},"67":{"type":"branch","line":251,"loc":{"start":{"line":251,"column":27},"end":{"line":254,"column":35}},"locations":[{"start":{"line":251,"column":27},"end":{"line":254,"column":35}}]},"68":{"type":"branch","line":254,"loc":{"start":{"line":254,"column":21},"end":{"line":254,"column":59}},"locations":[{"start":{"line":254,"column":21},"end":{"line":254,"column":59}}]},"69":{"type":"branch","line":254,"loc":{"start":{"line":254,"column":59},"end":{"line":256,"column":3}},"locations":[{"start":{"line":254,"column":59},"end":{"line":256,"column":3}}]},"70":{"type":"branch","line":256,"loc":{"start":{"line":256,"column":2},"end":{"line":259,"column":1}},"locations":[{"start":{"line":256,"column":2},"end":{"line":259,"column":1}}]},"71":{"type":"branch","line":265,"loc":{"start":{"line":265,"column":0},"end":{"line":349,"column":1}},"locations":[{"start":{"line":265,"column":0},"end":{"line":349,"column":1}}]},"72":{"type":"branch","line":345,"loc":{"start":{"line":345,"column":64},"end":{"line":347,"column":3}},"locations":[{"start":{"line":345,"column":64},"end":{"line":347,"column":3}}]},"73":{"type":"branch","line":346,"loc":{"start":{"line":346,"column":34},"end":{"line":346,"column":50}},"locations":[{"start":{"line":346,"column":34},"end":{"line":346,"column":50}}]},"74":{"type":"branch","line":347,"loc":{"start":{"line":347,"column":2},"end":{"line":349,"column":1}},"locations":[{"start":{"line":347,"column":2},"end":{"line":349,"column":1}}]}},"b":{"0":[4],"1":[5],"2":[4],"3":[1],"4":[4],"5":[11],"6":[1],"7":[10],"8":[0],"9":[10],"10":[0],"11":[10],"12":[0],"13":[10],"14":[0],"15":[3],"16":[7],"17":[1],"18":[0],"19":[7],"20":[4],"21":[4],"22":[10],"23":[1],"24":[9],"25":[1],"26":[8],"27":[10],"28":[0],"29":[10],"30":[0],"31":[1],"32":[0],"33":[1],"34":[8],"35":[20],"36":[18],"37":[2],"38":[2],"39":[0],"40":[2],"41":[0],"42":[2],"43":[1],"44":[7],"45":[7],"46":[0],"47":[16],"48":[15],"49":[1],"50":[1],"51":[0],"52":[1],"53":[0],"54":[1],"55":[0],"56":[1],"57":[1],"58":[0],"59":[8],"60":[0],"61":[0],"62":[0],"63":[10],"64":[2],"65":[8],"66":[0],"67":[8],"68":[7],"69":[1],"70":[7],"71":[7],"72":[232],"73":[6],"74":[1]},"fnMap":{"0":{"name":"scanVaultRoots","decl":{"start":{"line":17,"column":0},"end":{"line":83,"column":1}},"loc":{"start":{"line":17,"column":0},"end":{"line":83,"column":1}},"line":17},"1":{"name":"extractWrapperKindFromId","decl":{"start":{"line":89,"column":0},"end":{"line":96,"column":1}},"loc":{"start":{"line":89,"column":0},"end":{"line":96,"column":1}},"line":89},"2":{"name":"readFrontmatterPreview","decl":{"start":{"line":98,"column":0},"end":{"line":117,"column":1}},"loc":{"start":{"line":98,"column":0},"end":{"line":117,"column":1}},"line":98},"3":{"name":"parseFrontmatter","decl":{"start":{"line":119,"column":0},"end":{"line":122,"column":1}},"loc":{"start":{"line":119,"column":0},"end":{"line":122,"column":1}},"line":119},"4":{"name":"parseInlineList","decl":{"start":{"line":124,"column":0},"end":{"line":129,"column":1}},"loc":{"start":{"line":124,"column":0},"end":{"line":129,"column":1}},"line":124},"5":{"name":"extractMetadataWrapper","decl":{"start":{"line":131,"column":0},"end":{"line":159,"column":1}},"loc":{"start":{"line":131,"column":0},"end":{"line":159,"column":1}},"line":131},"6":{"name":"extractMetadataAliases","decl":{"start":{"line":161,"column":0},"end":{"line":213,"column":1}},"loc":{"start":{"line":161,"column":0},"end":{"line":213,"column":1}},"line":161},"7":{"name":"registerSkillPointer","decl":{"start":{"line":215,"column":0},"end":{"line":242,"column":1}},"loc":{"start":{"line":215,"column":0},"end":{"line":242,"column":1}},"line":215},"8":{"name":"detectWrapperKind","decl":{"start":{"line":244,"column":0},"end":{"line":259,"column":1}},"loc":{"start":{"line":244,"column":0},"end":{"line":259,"column":1}},"line":244},"9":{"name":"deriveCategory","decl":{"start":{"line":265,"column":0},"end":{"line":349,"column":1}},"loc":{"start":{"line":265,"column":0},"end":{"line":349,"column":1}},"line":265}},"f":{"0":4,"1":10,"2":10,"3":10,"4":1,"5":8,"6":7,"7":8,"8":10,"9":7}}
,"D:\\Cubebis Work\\cubis-foundry\\mcp\\src\\vault\\types.ts": {"path":"D:\\Cubebis Work\\cubis-foundry\\mcp\\src\\vault\\types.ts","all":true,"statementMap":{"0":{"start":{"line":1,"column":0},"end":{"line":1,"column":3}},"1":{"start":{"line":2,"column":0},"end":{"line":2,"column":42}},"2":{"start":{"line":3,"column":0},"end":{"line":3,"column":3}},"3":{"start":{"line":4,"column":0},"end":{"line":4,"column":0}},"4":{"start":{"line":5,"column":0},"end":{"line":5,"column":31}},"5":{"start":{"line":6,"column":0},"end":{"line":6,"column":43}},"6":{"start":{"line":7,"column":0},"end":{"line":7,"column":13}},"7":{"start":{"line":8,"column":0},"end":{"line":8,"column":79}},"8":{"start":{"line":9,"column":0},"end":{"line":9,"column":23}},"9":{"start":{"line":10,"column":0},"end":{"line":10,"column":63}},"10":{"start":{"line":11,"column":0},"end":{"line":11,"column":19}},"11":{"start":{"line":12,"column":0},"end":{"line":12,"column":44}},"12":{"start":{"line":13,"column":0},"end":{"line":13,"column":15}},"13":{"start":{"line":14,"column":0},"end":{"line":14,"column":34}},"14":{"start":{"line":15,"column":0},"end":{"line":15,"column":20}},"15":{"start":{"line":16,"column":0},"end":{"line":16,"column":66}},"16":{"start":{"line":17,"column":0},"end":{"line":17,"column":23}},"17":{"start":{"line":18,"column":0},"end":{"line":18,"column":57}},"18":{"start":{"line":19,"column":0},"end":{"line":19,"column":22}},"19":{"start":{"line":20,"column":0},"end":{"line":20,"column":57}},"20":{"start":{"line":21,"column":0},"end":{"line":21,"column":22}},"21":{"start":{"line":22,"column":0},"end":{"line":22,"column":1}},"22":{"start":{"line":23,"column":0},"end":{"line":23,"column":0}},"23":{"start":{"line":24,"column":0},"end":{"line":24,"column":32}},"24":{"start":{"line":25,"column":0},"end":{"line":25,"column":35}},"25":{"start":{"line":26,"column":0},"end":{"line":26,"column":23}},"26":{"start":{"line":27,"column":0},"end":{"line":27,"column":62}},"27":{"start":{"line":28,"column":0},"end":{"line":28,"column":25}},"28":{"start":{"line":29,"column":0},"end":{"line":29,"column":58}},"29":{"start":{"line":30,"column":0},"end":{"line":30,"column":27}},"30":{"start":{"line":31,"column":0},"end":{"line":31,"column":70}},"31":{"start":{"line":32,"column":0},"end":{"line":32,"column":37}},"32":{"start":{"line":33,"column":0},"end":{"line":33,"column":1}}},"s":{"0":0,"1":0,"2":0,"3":0,"4":0,"5":0,"6":0,"7":0,"8":0,"9":0,"10":0,"11":0,"12":0,"13":0,"14":0,"15":0,"16":0,"17":0,"18":0,"19":0,"20":0,"21":0,"22":0,"23":0,"24":0,"25":0,"26":0,"27":0,"28":0,"29":0,"30":0,"31":0,"32":0},"branchMap":{"0":{"type":"branch","line":1,"loc":{"start":{"line":1,"column":0},"end":{"line":33,"column":1}},"locations":[{"start":{"line":1,"column":0},"end":{"line":33,"column":1}}]}},"b":{"0":[0]},"fnMap":{"0":{"name":"(empty-report)","decl":{"start":{"line":1,"column":0},"end":{"line":33,"column":1}},"loc":{"start":{"line":1,"column":0},"end":{"line":33,"column":1}},"line":1}},"f":{"0":0}}
}
